2021-05-03 10:20:32,710 [Worker-3: Loading available Gradle versions] INFO  o.e.b.c.i.u.g.PublishedGradleVersions - Gradle version information cache is up-to-date. Trying to read.
2021-05-03 10:21:38,931 [Worker-8: Building] INFO  o.e.m.c.i.l.LifecycleMappingFactory - Using org.eclipse.m2e.jdt.JarLifecycleMapping lifecycle mapping for MavenProject: com.shareup:springboot-backend:0.0.1-SNAPSHOT @ E:\Code.world\Softwares for server\springboot-backend-shareup\springboot-backend-shareup\pom.xml.
2021-05-03 10:21:50,916 [Worker-8: Building] INFO  o.e.m.c.i.embedder.EclipseLogger - Using 'UTF-8' encoding to copy filtered resources.
2021-05-03 10:21:50,916 [Worker-8: Building] INFO  o.e.m.c.i.embedder.EclipseLogger - Using 'UTF-8' encoding to copy filtered properties files.
2021-05-03 10:21:50,922 [Worker-8: Building] INFO  o.e.m.c.i.embedder.EclipseLogger - Copying 1 resource
2021-05-03 10:21:50,956 [Worker-8: Building] INFO  o.e.m.c.i.embedder.EclipseLogger - Copying 0 resource
2021-05-03 10:21:50,961 [Worker-8: Building] INFO  o.e.m.c.i.embedder.EclipseLogger - Using 'UTF-8' encoding to copy filtered resources.
2021-05-03 10:21:50,962 [Worker-8: Building] INFO  o.e.m.c.i.embedder.EclipseLogger - Using 'UTF-8' encoding to copy filtered properties files.
2021-05-03 10:21:50,962 [Worker-8: Building] INFO  o.e.m.c.i.embedder.EclipseLogger - skip non existing resourceDirectory E:\Code.world\Softwares for server\springboot-backend-shareup\springboot-backend-shareup\src\test\resources
2021-05-03 10:21:53,855 [Worker-6: Building] INFO  o.e.m.c.i.embedder.EclipseLogger - Using 'UTF-8' encoding to copy filtered resources.
2021-05-03 10:21:53,855 [Worker-6: Building] INFO  o.e.m.c.i.embedder.EclipseLogger - Using 'UTF-8' encoding to copy filtered properties files.
2021-05-03 10:21:53,859 [Worker-6: Building] INFO  o.e.m.c.i.embedder.EclipseLogger - Copying 1 resource
2021-05-03 10:21:53,864 [Worker-6: Building] INFO  o.e.m.c.i.embedder.EclipseLogger - Copying 0 resource
2021-05-03 10:21:53,868 [Worker-6: Building] INFO  o.e.m.c.i.embedder.EclipseLogger - Using 'UTF-8' encoding to copy filtered resources.
2021-05-03 10:21:53,868 [Worker-6: Building] INFO  o.e.m.c.i.embedder.EclipseLogger - Using 'UTF-8' encoding to copy filtered properties files.
2021-05-03 10:21:53,869 [Worker-6: Building] INFO  o.e.m.c.i.embedder.EclipseLogger - skip non existing resourceDirectory E:\Code.world\Softwares for server\springboot-backend-shareup\springboot-backend-shareup\src\test\resources
2021-05-04 09:39:45,378 [Worker-55: Building] INFO  o.e.m.c.i.l.LifecycleMappingFactory - Using org.eclipse.m2e.jdt.JarLifecycleMapping lifecycle mapping for MavenProject: com.shareup:springboot-backend:0.0.1-SNAPSHOT @ E:\Code.world\Softwares for server\springboot-backend-shareup\springboot-backend-shareup\pom.xml.
2021-05-04 09:39:49,017 [Worker-55: Building] INFO  o.e.m.c.i.e.AbstractTransferListenerAdapter - Downloading https://repo.maven.apache.org/maven2/com/fasterxml/jackson/core/jackson-core/2.12.2/jackson-core-2.12.2.pom
2021-05-04 09:39:49,280 [Worker-55: Building] INFO  o.e.m.c.i.e.AbstractTransferListenerAdapter - Downloaded https://repo.maven.apache.org/maven2/com/fasterxml/jackson/core/jackson-core/2.12.2/jackson-core-2.12.2.pom
2021-05-04 09:39:49,426 [Worker-55: Building] INFO  o.e.m.c.i.e.AbstractTransferListenerAdapter - Downloading https://repo.maven.apache.org/maven2/com/fasterxml/jackson/jackson-base/2.12.2/jackson-base-2.12.2.pom
2021-05-04 09:39:49,574 [Worker-55: Building] INFO  o.e.m.c.i.e.AbstractTransferListenerAdapter - Downloaded https://repo.maven.apache.org/maven2/com/fasterxml/jackson/jackson-base/2.12.2/jackson-base-2.12.2.pom
2021-05-04 09:39:49,721 [Worker-55: Building] INFO  o.e.m.c.i.e.AbstractTransferListenerAdapter - Downloading https://repo.maven.apache.org/maven2/com/fasterxml/jackson/jackson-bom/2.12.2/jackson-bom-2.12.2.pom
2021-05-04 09:39:49,879 [Worker-55: Building] INFO  o.e.m.c.i.e.AbstractTransferListenerAdapter - Downloaded https://repo.maven.apache.org/maven2/com/fasterxml/jackson/jackson-bom/2.12.2/jackson-bom-2.12.2.pom
2021-05-04 09:39:50,024 [Worker-55: Building] INFO  o.e.m.c.i.e.AbstractTransferListenerAdapter - Downloading https://repo.maven.apache.org/maven2/com/fasterxml/jackson/jackson-parent/2.12/jackson-parent-2.12.pom
2021-05-04 09:39:50,161 [Worker-55: Building] INFO  o.e.m.c.i.e.AbstractTransferListenerAdapter - Downloaded https://repo.maven.apache.org/maven2/com/fasterxml/jackson/jackson-parent/2.12/jackson-parent-2.12.pom
2021-05-04 09:39:50,307 [Worker-55: Building] INFO  o.e.m.c.i.e.AbstractTransferListenerAdapter - Downloading https://repo.maven.apache.org/maven2/com/fasterxml/oss-parent/41/oss-parent-41.pom
2021-05-04 09:39:50,467 [Worker-55: Building] INFO  o.e.m.c.i.e.AbstractTransferListenerAdapter - Downloaded https://repo.maven.apache.org/maven2/com/fasterxml/oss-parent/41/oss-parent-41.pom
2021-05-04 09:39:50,731 [Worker-55: Building] INFO  o.e.m.c.i.e.AbstractTransferListenerAdapter - Downloading https://repo.maven.apache.org/maven2/com/fasterxml/jackson/core/jackson-core/2.12.2/jackson-core-2.12.2.jar
2021-05-04 09:39:51,188 [Worker-55: Building] INFO  o.e.m.c.i.e.AbstractTransferListenerAdapter - Downloaded https://repo.maven.apache.org/maven2/com/fasterxml/jackson/core/jackson-core/2.12.2/jackson-core-2.12.2.jar
2021-05-04 09:39:51,625 [Worker-55: Building] INFO  o.e.m.c.i.l.LifecycleMappingFactory - Using org.eclipse.m2e.jdt.JarLifecycleMapping lifecycle mapping for MavenProject: com.shareup:springboot-backend:0.0.1-SNAPSHOT @ E:\Code.world\Softwares for server\springboot-backend-shareup\springboot-backend-shareup\pom.xml.
2021-05-04 09:39:56,121 [Worker-6: Download sources and javadoc] INFO  o.e.m.c.i.e.AbstractTransferListenerAdapter - Downloading https://repo.maven.apache.org/maven2/com/fasterxml/jackson/core/jackson-core/2.12.2/jackson-core-2.12.2-sources.jar
2021-05-04 09:39:56,643 [Worker-6: Download sources and javadoc] INFO  o.e.m.c.i.e.AbstractTransferListenerAdapter - Downloaded https://repo.maven.apache.org/maven2/com/fasterxml/jackson/core/jackson-core/2.12.2/jackson-core-2.12.2-sources.jar
2021-05-04 09:39:56,677 [Worker-6: Download sources and javadoc] INFO  o.e.m.j.internal.DownloadSourcesJob - Downloaded sources for com.fasterxml.jackson.core:jackson-core:2.12.2
2021-05-04 09:39:56,714 [Worker-55: Building] INFO  o.e.m.c.i.embedder.EclipseLogger - Using 'UTF-8' encoding to copy filtered resources.
2021-05-04 09:39:56,714 [Worker-55: Building] INFO  o.e.m.c.i.embedder.EclipseLogger - Using 'UTF-8' encoding to copy filtered properties files.
2021-05-04 09:39:56,718 [Worker-55: Building] INFO  o.e.m.c.i.embedder.EclipseLogger - Copying 1 resource
2021-05-04 09:39:56,755 [Worker-55: Building] INFO  o.e.m.c.i.embedder.EclipseLogger - Copying 0 resource
2021-05-04 09:39:56,760 [Worker-55: Building] INFO  o.e.m.c.i.embedder.EclipseLogger - Using 'UTF-8' encoding to copy filtered resources.
2021-05-04 09:39:56,760 [Worker-55: Building] INFO  o.e.m.c.i.embedder.EclipseLogger - Using 'UTF-8' encoding to copy filtered properties files.
2021-05-04 09:39:56,760 [Worker-55: Building] INFO  o.e.m.c.i.embedder.EclipseLogger - skip non existing resourceDirectory E:\Code.world\Softwares for server\springboot-backend-shareup\springboot-backend-shareup\src\test\resources
2021-05-04 09:39:58,986 [Worker-55: Building] INFO  o.e.m.c.i.embedder.EclipseLogger - Using 'UTF-8' encoding to copy filtered resources.
2021-05-04 09:39:58,986 [Worker-55: Building] INFO  o.e.m.c.i.embedder.EclipseLogger - Using 'UTF-8' encoding to copy filtered properties files.
2021-05-04 09:39:58,987 [Worker-55: Building] INFO  o.e.m.c.i.embedder.EclipseLogger - Copying 1 resource
2021-05-04 09:39:58,992 [Worker-55: Building] INFO  o.e.m.c.i.embedder.EclipseLogger - Copying 0 resource
2021-05-04 09:39:58,995 [Worker-55: Building] INFO  o.e.m.c.i.embedder.EclipseLogger - Using 'UTF-8' encoding to copy filtered resources.
2021-05-04 09:39:58,995 [Worker-55: Building] INFO  o.e.m.c.i.embedder.EclipseLogger - Using 'UTF-8' encoding to copy filtered properties files.
2021-05-04 09:39:58,995 [Worker-55: Building] INFO  o.e.m.c.i.embedder.EclipseLogger - skip non existing resourceDirectory E:\Code.world\Softwares for server\springboot-backend-shareup\springboot-backend-shareup\src\test\resources
2021-05-05 09:42:52,815 [Worker-114: Building] INFO  o.e.m.c.i.embedder.EclipseLogger - Using 'UTF-8' encoding to copy filtered resources.
2021-05-05 09:42:52,816 [Worker-114: Building] INFO  o.e.m.c.i.embedder.EclipseLogger - Using 'UTF-8' encoding to copy filtered properties files.
2021-05-05 09:42:52,817 [Worker-114: Building] INFO  o.e.m.c.i.embedder.EclipseLogger - Copying 1 resource
2021-05-05 09:42:52,843 [Worker-114: Building] INFO  o.e.m.c.i.embedder.EclipseLogger - Copying 0 resource
2021-05-05 09:42:52,846 [Worker-114: Building] INFO  o.e.m.c.i.embedder.EclipseLogger - Using 'UTF-8' encoding to copy filtered resources.
2021-05-05 09:42:52,846 [Worker-114: Building] INFO  o.e.m.c.i.embedder.EclipseLogger - Using 'UTF-8' encoding to copy filtered properties files.
2021-05-05 09:42:52,846 [Worker-114: Building] INFO  o.e.m.c.i.embedder.EclipseLogger - skip non existing resourceDirectory E:\Code.world\Softwares for server\springboot-backend-shareup\springboot-backend-shareup\src\test\resources
2021-05-05 09:43:22,311 [Worker-113: Building] INFO  o.e.m.c.i.embedder.EclipseLogger - Using 'UTF-8' encoding to copy filtered resources.
2021-05-05 09:43:22,311 [Worker-113: Building] INFO  o.e.m.c.i.embedder.EclipseLogger - Using 'UTF-8' encoding to copy filtered properties files.
2021-05-05 09:43:22,311 [Worker-113: Building] INFO  o.e.m.c.i.embedder.EclipseLogger - Copying 0 resource
2021-05-05 09:43:22,312 [Worker-113: Building] INFO  o.e.m.c.i.embedder.EclipseLogger - Copying 0 resource
2021-05-05 09:43:22,315 [Worker-113: Building] INFO  o.e.m.c.i.embedder.EclipseLogger - Using 'UTF-8' encoding to copy filtered resources.
2021-05-05 09:43:22,315 [Worker-113: Building] INFO  o.e.m.c.i.embedder.EclipseLogger - Using 'UTF-8' encoding to copy filtered properties files.
2021-05-05 09:43:22,315 [Worker-113: Building] INFO  o.e.m.c.i.embedder.EclipseLogger - skip non existing resourceDirectory E:\Code.world\Softwares for server\springboot-backend-shareup\springboot-backend-shareup\src\test\resources
2021-05-05 09:44:37,610 [Worker-115: Building] INFO  o.e.m.c.i.embedder.EclipseLogger - Using 'UTF-8' encoding to copy filtered resources.
2021-05-05 09:44:37,610 [Worker-115: Building] INFO  o.e.m.c.i.embedder.EclipseLogger - Using 'UTF-8' encoding to copy filtered properties files.
2021-05-05 09:44:37,611 [Worker-115: Building] INFO  o.e.m.c.i.embedder.EclipseLogger - Copying 1 resource
2021-05-05 09:44:37,624 [Worker-115: Building] INFO  o.e.m.c.i.embedder.EclipseLogger - Copying 0 resource
2021-05-05 09:44:37,627 [Worker-115: Building] INFO  o.e.m.c.i.embedder.EclipseLogger - Using 'UTF-8' encoding to copy filtered resources.
2021-05-05 09:44:37,627 [Worker-115: Building] INFO  o.e.m.c.i.embedder.EclipseLogger - Using 'UTF-8' encoding to copy filtered properties files.
2021-05-05 09:44:37,627 [Worker-115: Building] INFO  o.e.m.c.i.embedder.EclipseLogger - skip non existing resourceDirectory E:\Code.world\Softwares for server\springboot-backend-shareup\springboot-backend-shareup\src\test\resources
2021-05-06 09:00:05,443 [Worker-142: Building] INFO  o.e.m.c.i.embedder.EclipseLogger - Using 'UTF-8' encoding to copy filtered resources.
2021-05-06 09:00:05,444 [Worker-142: Building] INFO  o.e.m.c.i.embedder.EclipseLogger - Using 'UTF-8' encoding to copy filtered properties files.
2021-05-06 09:00:05,445 [Worker-142: Building] INFO  o.e.m.c.i.embedder.EclipseLogger - Copying 1 resource
2021-05-06 09:00:05,479 [Worker-142: Building] INFO  o.e.m.c.i.embedder.EclipseLogger - Copying 0 resource
2021-05-06 09:00:05,483 [Worker-142: Building] INFO  o.e.m.c.i.embedder.EclipseLogger - Using 'UTF-8' encoding to copy filtered resources.
2021-05-06 09:00:05,483 [Worker-142: Building] INFO  o.e.m.c.i.embedder.EclipseLogger - Using 'UTF-8' encoding to copy filtered properties files.
2021-05-06 09:00:05,483 [Worker-142: Building] INFO  o.e.m.c.i.embedder.EclipseLogger - skip non existing resourceDirectory E:\Code.world\Softwares for server\springboot-backend-shareup\springboot-backend-shareup\src\test\resources
2021-05-11 08:27:14,724 [Worker-254: Building] INFO  o.e.m.c.i.embedder.EclipseLogger - Using 'UTF-8' encoding to copy filtered resources.
2021-05-11 08:27:14,725 [Worker-254: Building] INFO  o.e.m.c.i.embedder.EclipseLogger - Using 'UTF-8' encoding to copy filtered properties files.
2021-05-11 08:27:14,726 [Worker-254: Building] INFO  o.e.m.c.i.embedder.EclipseLogger - Copying 1 resource
2021-05-11 08:27:14,740 [Worker-254: Building] INFO  o.e.m.c.i.embedder.EclipseLogger - Copying 0 resource
2021-05-11 08:27:14,743 [Worker-254: Building] INFO  o.e.m.c.i.embedder.EclipseLogger - Using 'UTF-8' encoding to copy filtered resources.
2021-05-11 08:27:14,743 [Worker-254: Building] INFO  o.e.m.c.i.embedder.EclipseLogger - Using 'UTF-8' encoding to copy filtered properties files.
2021-05-11 08:27:14,743 [Worker-254: Building] INFO  o.e.m.c.i.embedder.EclipseLogger - skip non existing resourceDirectory E:\Code.world\Softwares for server\springboot-backend-shareup\springboot-backend-shareup\src\test\resources
2021-07-13 08:31:11,985 [Worker-4: Loading available Gradle versions] INFO  o.e.b.c.i.u.g.PublishedGradleVersions - Gradle version information cache is out-of-date. Trying to update.
2021-07-13 08:31:28,923 [Worker-5: Building] INFO  o.e.m.c.i.embedder.EclipseLogger - Using 'UTF-8' encoding to copy filtered resources.
2021-07-13 08:31:28,924 [Worker-5: Building] INFO  o.e.m.c.i.embedder.EclipseLogger - Using 'UTF-8' encoding to copy filtered properties files.
2021-07-13 08:31:28,938 [Worker-5: Building] INFO  o.e.m.c.i.embedder.EclipseLogger - Copying 1 resource
2021-07-13 08:31:28,988 [Worker-5: Building] INFO  o.e.m.c.i.embedder.EclipseLogger - Copying 0 resource
2021-07-13 08:31:28,994 [Worker-5: Building] INFO  o.e.m.c.i.embedder.EclipseLogger - Using 'UTF-8' encoding to copy filtered resources.
2021-07-13 08:31:28,994 [Worker-5: Building] INFO  o.e.m.c.i.embedder.EclipseLogger - Using 'UTF-8' encoding to copy filtered properties files.
2021-07-13 08:31:28,994 [Worker-5: Building] INFO  o.e.m.c.i.embedder.EclipseLogger - skip non existing resourceDirectory E:\Code.world\Softwares for server\springboot-backend-shareup\springboot-backend-shareup\src\test\resources
2021-07-28 16:25:33,215 [Worker-607: Building] INFO  o.e.m.c.i.embedder.EclipseLogger - Using 'UTF-8' encoding to copy filtered resources.
2021-07-28 16:25:33,328 [Worker-607: Building] INFO  o.e.m.c.i.embedder.EclipseLogger - Using 'UTF-8' encoding to copy filtered properties files.
2021-07-28 16:25:33,335 [Worker-607: Building] INFO  o.e.m.c.i.embedder.EclipseLogger - Copying 1 resource
2021-07-28 16:25:33,357 [Worker-607: Building] INFO  o.e.m.c.i.embedder.EclipseLogger - Copying 0 resource
2021-07-28 16:25:33,362 [Worker-607: Building] INFO  o.e.m.c.i.embedder.EclipseLogger - Using 'UTF-8' encoding to copy filtered resources.
2021-07-28 16:25:33,362 [Worker-607: Building] INFO  o.e.m.c.i.embedder.EclipseLogger - Using 'UTF-8' encoding to copy filtered properties files.
2021-07-28 16:25:33,362 [Worker-607: Building] INFO  o.e.m.c.i.embedder.EclipseLogger - skip non existing resourceDirectory E:\Code.world\Softwares for server\springboot-backend-shareup\springboot-backend-shareup\src\test\resources
2021-07-28 16:26:10,941 [Worker-607: Building] INFO  o.e.m.c.i.embedder.EclipseLogger - Using 'UTF-8' encoding to copy filtered resources.
2021-07-28 16:26:10,941 [Worker-607: Building] INFO  o.e.m.c.i.embedder.EclipseLogger - Using 'UTF-8' encoding to copy filtered properties files.
2021-07-28 16:26:10,942 [Worker-607: Building] INFO  o.e.m.c.i.embedder.EclipseLogger - Copying 1 resource
2021-07-28 16:26:10,954 [Worker-607: Building] INFO  o.e.m.c.i.embedder.EclipseLogger - Copying 0 resource
2021-07-28 16:26:10,958 [Worker-607: Building] INFO  o.e.m.c.i.embedder.EclipseLogger - Using 'UTF-8' encoding to copy filtered resources.
2021-07-28 16:26:10,958 [Worker-607: Building] INFO  o.e.m.c.i.embedder.EclipseLogger - Using 'UTF-8' encoding to copy filtered properties files.
2021-07-28 16:26:10,958 [Worker-607: Building] INFO  o.e.m.c.i.embedder.EclipseLogger - skip non existing resourceDirectory E:\Code.world\Softwares for server\springboot-backend-shareup\springboot-backend-shareup\src\test\resources
2021-07-28 16:27:06,231 [Worker-600: Building] INFO  o.e.m.c.i.embedder.EclipseLogger - Using 'UTF-8' encoding to copy filtered resources.
2021-07-28 16:27:06,232 [Worker-600: Building] INFO  o.e.m.c.i.embedder.EclipseLogger - Using 'UTF-8' encoding to copy filtered properties files.
2021-07-28 16:27:06,233 [Worker-600: Building] INFO  o.e.m.c.i.embedder.EclipseLogger - Copying 1 resource
2021-07-28 16:27:06,245 [Worker-600: Building] INFO  o.e.m.c.i.embedder.EclipseLogger - Copying 0 resource
2021-07-28 16:27:06,249 [Worker-600: Building] INFO  o.e.m.c.i.embedder.EclipseLogger - Using 'UTF-8' encoding to copy filtered resources.
2021-07-28 16:27:06,249 [Worker-600: Building] INFO  o.e.m.c.i.embedder.EclipseLogger - Using 'UTF-8' encoding to copy filtered properties files.
2021-07-28 16:27:06,249 [Worker-600: Building] INFO  o.e.m.c.i.embedder.EclipseLogger - skip non existing resourceDirectory E:\Code.world\Softwares for server\springboot-backend-shareup\springboot-backend-shareup\src\test\resources
2021-07-28 16:27:34,636 [Worker-608: Building] INFO  o.e.m.c.i.embedder.EclipseLogger - Using 'UTF-8' encoding to copy filtered resources.
2021-07-28 16:27:34,636 [Worker-608: Building] INFO  o.e.m.c.i.embedder.EclipseLogger - Using 'UTF-8' encoding to copy filtered properties files.
2021-07-28 16:27:34,637 [Worker-608: Building] INFO  o.e.m.c.i.embedder.EclipseLogger - Copying 1 resource
2021-07-28 16:27:34,649 [Worker-608: Building] INFO  o.e.m.c.i.embedder.EclipseLogger - Copying 0 resource
2021-07-28 16:27:34,653 [Worker-608: Building] INFO  o.e.m.c.i.embedder.EclipseLogger - Using 'UTF-8' encoding to copy filtered resources.
2021-07-28 16:27:34,653 [Worker-608: Building] INFO  o.e.m.c.i.embedder.EclipseLogger - Using 'UTF-8' encoding to copy filtered properties files.
2021-07-28 16:27:34,653 [Worker-608: Building] INFO  o.e.m.c.i.embedder.EclipseLogger - skip non existing resourceDirectory E:\Code.world\Softwares for server\springboot-backend-shareup\springboot-backend-shareup\src\test\resources
2021-07-28 16:31:54,433 [Worker-606: Building] INFO  o.e.m.c.i.embedder.EclipseLogger - Using 'UTF-8' encoding to copy filtered resources.
2021-07-28 16:31:54,433 [Worker-606: Building] INFO  o.e.m.c.i.embedder.EclipseLogger - Using 'UTF-8' encoding to copy filtered properties files.
2021-07-28 16:31:54,435 [Worker-606: Building] INFO  o.e.m.c.i.embedder.EclipseLogger - Copying 1 resource
2021-07-28 16:31:54,446 [Worker-606: Building] INFO  o.e.m.c.i.embedder.EclipseLogger - Copying 0 resource
2021-07-28 16:31:54,450 [Worker-606: Building] INFO  o.e.m.c.i.embedder.EclipseLogger - Using 'UTF-8' encoding to copy filtered resources.
2021-07-28 16:31:54,450 [Worker-606: Building] INFO  o.e.m.c.i.embedder.EclipseLogger - Using 'UTF-8' encoding to copy filtered properties files.
2021-07-28 16:31:54,450 [Worker-606: Building] INFO  o.e.m.c.i.embedder.EclipseLogger - skip non existing resourceDirectory E:\Code.world\Softwares for server\springboot-backend-shareup\springboot-backend-shareup\src\test\resources
2021-07-29 10:17:44,608 [Worker-649: Building] INFO  o.e.m.c.i.embedder.EclipseLogger - Using 'UTF-8' encoding to copy filtered resources.
2021-07-29 10:17:44,609 [Worker-649: Building] INFO  o.e.m.c.i.embedder.EclipseLogger - Using 'UTF-8' encoding to copy filtered properties files.
2021-07-29 10:17:44,610 [Worker-649: Building] INFO  o.e.m.c.i.embedder.EclipseLogger - Copying 1 resource
2021-07-29 10:17:44,644 [Worker-649: Building] INFO  o.e.m.c.i.embedder.EclipseLogger - Copying 0 resource
2021-07-29 10:17:44,648 [Worker-649: Building] INFO  o.e.m.c.i.embedder.EclipseLogger - Using 'UTF-8' encoding to copy filtered resources.
2021-07-29 10:17:44,648 [Worker-649: Building] INFO  o.e.m.c.i.embedder.EclipseLogger - Using 'UTF-8' encoding to copy filtered properties files.
2021-07-29 10:17:44,649 [Worker-649: Building] INFO  o.e.m.c.i.embedder.EclipseLogger - skip non existing resourceDirectory E:\Code.world\Softwares for server\springboot-backend-shareup\springboot-backend-shareup\src\test\resources
2021-07-29 11:50:17,267 [Worker-649: Building] INFO  o.e.m.c.i.embedder.EclipseLogger - Using 'UTF-8' encoding to copy filtered resources.
2021-07-29 11:50:17,267 [Worker-649: Building] INFO  o.e.m.c.i.embedder.EclipseLogger - Using 'UTF-8' encoding to copy filtered properties files.
2021-07-29 11:50:17,268 [Worker-649: Building] INFO  o.e.m.c.i.embedder.EclipseLogger - Copying 1 resource
2021-07-29 11:50:17,285 [Worker-649: Building] INFO  o.e.m.c.i.embedder.EclipseLogger - Copying 0 resource
2021-07-29 11:50:17,290 [Worker-649: Building] INFO  o.e.m.c.i.embedder.EclipseLogger - Using 'UTF-8' encoding to copy filtered resources.
2021-07-29 11:50:17,290 [Worker-649: Building] INFO  o.e.m.c.i.embedder.EclipseLogger - Using 'UTF-8' encoding to copy filtered properties files.
2021-07-29 11:50:17,290 [Worker-649: Building] INFO  o.e.m.c.i.embedder.EclipseLogger - skip non existing resourceDirectory E:\Code.world\Softwares for server\springboot-backend-shareup\springboot-backend-shareup\src\test\resources
2021-07-31 15:08:09,100 [Worker-713: Building] INFO  o.e.m.c.i.embedder.EclipseLogger - Using 'UTF-8' encoding to copy filtered resources.
2021-07-31 15:08:09,101 [Worker-713: Building] INFO  o.e.m.c.i.embedder.EclipseLogger - Using 'UTF-8' encoding to copy filtered properties files.
2021-07-31 15:08:09,102 [Worker-713: Building] INFO  o.e.m.c.i.embedder.EclipseLogger - Copying 1 resource
2021-07-31 15:08:09,123 [Worker-713: Building] INFO  o.e.m.c.i.embedder.EclipseLogger - Copying 0 resource
2021-07-31 15:08:09,128 [Worker-713: Building] INFO  o.e.m.c.i.embedder.EclipseLogger - Using 'UTF-8' encoding to copy filtered resources.
2021-07-31 15:08:09,128 [Worker-713: Building] INFO  o.e.m.c.i.embedder.EclipseLogger - Using 'UTF-8' encoding to copy filtered properties files.
2021-07-31 15:08:09,128 [Worker-713: Building] INFO  o.e.m.c.i.embedder.EclipseLogger - skip non existing resourceDirectory E:\Code.world\Softwares for server\springboot-backend-shareup\springboot-backend-shareup\src\test\resources
2021-07-31 15:14:11,979 [Worker-716: Building] INFO  o.e.m.c.i.embedder.EclipseLogger - Using 'UTF-8' encoding to copy filtered resources.
2021-07-31 15:14:11,979 [Worker-716: Building] INFO  o.e.m.c.i.embedder.EclipseLogger - Using 'UTF-8' encoding to copy filtered properties files.
2021-07-31 15:14:11,980 [Worker-716: Building] INFO  o.e.m.c.i.embedder.EclipseLogger - Copying 1 resource
2021-07-31 15:14:12,004 [Worker-716: Building] INFO  o.e.m.c.i.embedder.EclipseLogger - Copying 0 resource
2021-07-31 15:14:12,009 [Worker-716: Building] INFO  o.e.m.c.i.embedder.EclipseLogger - Using 'UTF-8' encoding to copy filtered resources.
2021-07-31 15:14:12,009 [Worker-716: Building] INFO  o.e.m.c.i.embedder.EclipseLogger - Using 'UTF-8' encoding to copy filtered properties files.
2021-07-31 15:14:12,010 [Worker-716: Building] INFO  o.e.m.c.i.embedder.EclipseLogger - skip non existing resourceDirectory E:\Code.world\Softwares for server\springboot-backend-shareup\springboot-backend-shareup\src\test\resources
2021-07-31 15:52:45,702 [Worker-721: Building] INFO  o.e.m.c.i.embedder.EclipseLogger - Using 'UTF-8' encoding to copy filtered resources.
2021-07-31 15:52:45,703 [Worker-721: Building] INFO  o.e.m.c.i.embedder.EclipseLogger - Using 'UTF-8' encoding to copy filtered properties files.
2021-07-31 15:52:45,704 [Worker-721: Building] INFO  o.e.m.c.i.embedder.EclipseLogger - Copying 1 resource
2021-07-31 15:52:45,716 [Worker-721: Building] INFO  o.e.m.c.i.embedder.EclipseLogger - Copying 0 resource
2021-07-31 15:52:45,720 [Worker-721: Building] INFO  o.e.m.c.i.embedder.EclipseLogger - Using 'UTF-8' encoding to copy filtered resources.
2021-07-31 15:52:45,720 [Worker-721: Building] INFO  o.e.m.c.i.embedder.EclipseLogger - Using 'UTF-8' encoding to copy filtered properties files.
2021-07-31 15:52:45,721 [Worker-721: Building] INFO  o.e.m.c.i.embedder.EclipseLogger - skip non existing resourceDirectory E:\Code.world\Softwares for server\springboot-backend-shareup\springboot-backend-shareup\src\test\resources
2021-07-31 15:55:23,247 [Worker-725: Building] INFO  o.e.m.c.i.embedder.EclipseLogger - Using 'UTF-8' encoding to copy filtered resources.
2021-07-31 15:55:23,247 [Worker-725: Building] INFO  o.e.m.c.i.embedder.EclipseLogger - Using 'UTF-8' encoding to copy filtered properties files.
2021-07-31 15:55:23,248 [Worker-725: Building] INFO  o.e.m.c.i.embedder.EclipseLogger - Copying 1 resource
2021-07-31 15:55:23,264 [Worker-725: Building] INFO  o.e.m.c.i.embedder.EclipseLogger - Copying 0 resource
2021-07-31 15:55:23,268 [Worker-725: Building] INFO  o.e.m.c.i.embedder.EclipseLogger - Using 'UTF-8' encoding to copy filtered resources.
2021-07-31 15:55:23,268 [Worker-725: Building] INFO  o.e.m.c.i.embedder.EclipseLogger - Using 'UTF-8' encoding to copy filtered properties files.
2021-07-31 15:55:23,269 [Worker-725: Building] INFO  o.e.m.c.i.embedder.EclipseLogger - skip non existing resourceDirectory E:\Code.world\Softwares for server\springboot-backend-shareup\springboot-backend-shareup\src\test\resources
2021-08-01 10:13:41,435 [Worker-774: Building] INFO  o.e.m.c.i.embedder.EclipseLogger - Using 'UTF-8' encoding to copy filtered resources.
2021-08-01 10:13:41,435 [Worker-774: Building] INFO  o.e.m.c.i.embedder.EclipseLogger - Using 'UTF-8' encoding to copy filtered properties files.
2021-08-01 10:13:41,436 [Worker-774: Building] INFO  o.e.m.c.i.embedder.EclipseLogger - Copying 1 resource
2021-08-01 10:13:41,451 [Worker-774: Building] INFO  o.e.m.c.i.embedder.EclipseLogger - Copying 0 resource
2021-08-01 10:13:41,455 [Worker-774: Building] INFO  o.e.m.c.i.embedder.EclipseLogger - Using 'UTF-8' encoding to copy filtered resources.
2021-08-01 10:13:41,455 [Worker-774: Building] INFO  o.e.m.c.i.embedder.EclipseLogger - Using 'UTF-8' encoding to copy filtered properties files.
2021-08-01 10:13:41,455 [Worker-774: Building] INFO  o.e.m.c.i.embedder.EclipseLogger - skip non existing resourceDirectory E:\Code.world\Softwares for server\springboot-backend-shareup\springboot-backend-shareup\src\test\resources
2021-08-01 10:18:04,208 [Worker-772: Building] INFO  o.e.m.c.i.embedder.EclipseLogger - Using 'UTF-8' encoding to copy filtered resources.
2021-08-01 10:18:04,208 [Worker-772: Building] INFO  o.e.m.c.i.embedder.EclipseLogger - Using 'UTF-8' encoding to copy filtered properties files.
2021-08-01 10:18:04,209 [Worker-772: Building] INFO  o.e.m.c.i.embedder.EclipseLogger - Copying 1 resource
2021-08-01 10:18:04,233 [Worker-772: Building] INFO  o.e.m.c.i.embedder.EclipseLogger - Copying 0 resource
2021-08-01 10:18:04,237 [Worker-772: Building] INFO  o.e.m.c.i.embedder.EclipseLogger - Using 'UTF-8' encoding to copy filtered resources.
2021-08-01 10:18:04,237 [Worker-772: Building] INFO  o.e.m.c.i.embedder.EclipseLogger - Using 'UTF-8' encoding to copy filtered properties files.
2021-08-01 10:18:04,237 [Worker-772: Building] INFO  o.e.m.c.i.embedder.EclipseLogger - skip non existing resourceDirectory E:\Code.world\Softwares for server\springboot-backend-shareup\springboot-backend-shareup\src\test\resources
2021-08-01 10:58:59,005 [Worker-784: Building] INFO  o.e.m.c.i.embedder.EclipseLogger - Using 'UTF-8' encoding to copy filtered resources.
2021-08-01 10:58:59,005 [Worker-784: Building] INFO  o.e.m.c.i.embedder.EclipseLogger - Using 'UTF-8' encoding to copy filtered properties files.
2021-08-01 10:58:59,006 [Worker-784: Building] INFO  o.e.m.c.i.embedder.EclipseLogger - Copying 1 resource
2021-08-01 10:58:59,025 [Worker-784: Building] INFO  o.e.m.c.i.embedder.EclipseLogger - Copying 0 resource
2021-08-01 10:58:59,030 [Worker-784: Building] INFO  o.e.m.c.i.embedder.EclipseLogger - Using 'UTF-8' encoding to copy filtered resources.
2021-08-01 10:58:59,030 [Worker-784: Building] INFO  o.e.m.c.i.embedder.EclipseLogger - Using 'UTF-8' encoding to copy filtered properties files.
2021-08-01 10:58:59,030 [Worker-784: Building] INFO  o.e.m.c.i.embedder.EclipseLogger - skip non existing resourceDirectory E:\Code.world\Softwares for server\springboot-backend-shareup\springboot-backend-shareup\src\test\resources
2021-08-01 13:47:39,461 [Worker-793: Building] INFO  o.e.m.c.i.embedder.EclipseLogger - Using 'UTF-8' encoding to copy filtered resources.
2021-08-01 13:47:39,461 [Worker-793: Building] INFO  o.e.m.c.i.embedder.EclipseLogger - Using 'UTF-8' encoding to copy filtered properties files.
2021-08-01 13:47:39,461 [Worker-793: Building] INFO  o.e.m.c.i.embedder.EclipseLogger - Copying 0 resource
2021-08-01 13:47:39,462 [Worker-793: Building] INFO  o.e.m.c.i.embedder.EclipseLogger - Copying 0 resource
2021-08-01 13:47:39,464 [Worker-793: Building] INFO  o.e.m.c.i.embedder.EclipseLogger - Using 'UTF-8' encoding to copy filtered resources.
2021-08-01 13:47:39,465 [Worker-793: Building] INFO  o.e.m.c.i.embedder.EclipseLogger - Using 'UTF-8' encoding to copy filtered properties files.
2021-08-01 13:47:39,465 [Worker-793: Building] INFO  o.e.m.c.i.embedder.EclipseLogger - skip non existing resourceDirectory E:\Code.world\Softwares for server\springboot-backend-shareup\springboot-backend-shareup\src\test\resources
2021-08-01 14:10:27,223 [Worker-784: Building] INFO  o.e.m.c.i.embedder.EclipseLogger - Using 'UTF-8' encoding to copy filtered resources.
2021-08-01 14:10:27,223 [Worker-784: Building] INFO  o.e.m.c.i.embedder.EclipseLogger - Using 'UTF-8' encoding to copy filtered properties files.
2021-08-01 14:10:27,224 [Worker-784: Building] INFO  o.e.m.c.i.embedder.EclipseLogger - Copying 1 resource
2021-08-01 14:10:27,245 [Worker-784: Building] INFO  o.e.m.c.i.embedder.EclipseLogger - Copying 0 resource
2021-08-01 14:10:27,249 [Worker-784: Building] INFO  o.e.m.c.i.embedder.EclipseLogger - Using 'UTF-8' encoding to copy filtered resources.
2021-08-01 14:10:27,249 [Worker-784: Building] INFO  o.e.m.c.i.embedder.EclipseLogger - Using 'UTF-8' encoding to copy filtered properties files.
2021-08-01 14:10:27,249 [Worker-784: Building] INFO  o.e.m.c.i.embedder.EclipseLogger - skip non existing resourceDirectory E:\Code.world\Softwares for server\springboot-backend-shareup\springboot-backend-shareup\src\test\resources
2021-08-01 14:12:13,269 [Worker-796: Building] INFO  o.e.m.c.i.embedder.EclipseLogger - Using 'UTF-8' encoding to copy filtered resources.
2021-08-01 14:12:13,270 [Worker-796: Building] INFO  o.e.m.c.i.embedder.EclipseLogger - Using 'UTF-8' encoding to copy filtered properties files.
2021-08-01 14:12:13,271 [Worker-796: Building] INFO  o.e.m.c.i.embedder.EclipseLogger - Copying 1 resource
2021-08-01 14:12:13,292 [Worker-796: Building] INFO  o.e.m.c.i.embedder.EclipseLogger - Copying 0 resource
2021-08-01 14:12:13,298 [Worker-796: Building] INFO  o.e.m.c.i.embedder.EclipseLogger - Using 'UTF-8' encoding to copy filtered resources.
2021-08-01 14:12:13,299 [Worker-796: Building] INFO  o.e.m.c.i.embedder.EclipseLogger - Using 'UTF-8' encoding to copy filtered properties files.
2021-08-01 14:12:13,299 [Worker-796: Building] INFO  o.e.m.c.i.embedder.EclipseLogger - skip non existing resourceDirectory E:\Code.world\Softwares for server\springboot-backend-shareup\springboot-backend-shareup\src\test\resources
2021-08-02 11:22:00,912 [Worker-828: Building] INFO  o.e.m.c.i.embedder.EclipseLogger - Using 'UTF-8' encoding to copy filtered resources.
2021-08-02 11:22:00,913 [Worker-828: Building] INFO  o.e.m.c.i.embedder.EclipseLogger - Using 'UTF-8' encoding to copy filtered properties files.
2021-08-02 11:22:00,914 [Worker-828: Building] INFO  o.e.m.c.i.embedder.EclipseLogger - Copying 1 resource
2021-08-02 11:22:00,950 [Worker-828: Building] INFO  o.e.m.c.i.embedder.EclipseLogger - Copying 0 resource
2021-08-02 11:22:00,955 [Worker-828: Building] INFO  o.e.m.c.i.embedder.EclipseLogger - Using 'UTF-8' encoding to copy filtered resources.
2021-08-02 11:22:00,955 [Worker-828: Building] INFO  o.e.m.c.i.embedder.EclipseLogger - Using 'UTF-8' encoding to copy filtered properties files.
2021-08-02 11:22:00,955 [Worker-828: Building] INFO  o.e.m.c.i.embedder.EclipseLogger - skip non existing resourceDirectory E:\Code.world\Softwares for server\springboot-backend-shareup\springboot-backend-shareup\src\test\resources
2021-08-03 14:48:06,956 [Worker-888: Building] INFO  o.e.m.c.i.embedder.EclipseLogger - Using 'UTF-8' encoding to copy filtered resources.
2021-08-03 14:48:06,957 [Worker-888: Building] INFO  o.e.m.c.i.embedder.EclipseLogger - Using 'UTF-8' encoding to copy filtered properties files.
2021-08-03 14:48:06,958 [Worker-888: Building] INFO  o.e.m.c.i.embedder.EclipseLogger - Copying 1 resource
2021-08-03 14:48:06,984 [Worker-888: Building] INFO  o.e.m.c.i.embedder.EclipseLogger - Copying 0 resource
2021-08-03 14:48:06,988 [Worker-888: Building] INFO  o.e.m.c.i.embedder.EclipseLogger - Using 'UTF-8' encoding to copy filtered resources.
2021-08-03 14:48:06,988 [Worker-888: Building] INFO  o.e.m.c.i.embedder.EclipseLogger - Using 'UTF-8' encoding to copy filtered properties files.
2021-08-03 14:48:06,988 [Worker-888: Building] INFO  o.e.m.c.i.embedder.EclipseLogger - skip non existing resourceDirectory E:\Code.world\Softwares for server\springboot-backend-shareup\springboot-backend-shareup\src\test\resources
2021-08-03 14:51:54,047 [Worker-885: Building] INFO  o.e.m.c.i.embedder.EclipseLogger - Using 'UTF-8' encoding to copy filtered resources.
2021-08-03 14:51:54,048 [Worker-885: Building] INFO  o.e.m.c.i.embedder.EclipseLogger - Using 'UTF-8' encoding to copy filtered properties files.
2021-08-03 14:51:54,049 [Worker-885: Building] INFO  o.e.m.c.i.embedder.EclipseLogger - Copying 1 resource
2021-08-03 14:51:54,059 [Worker-885: Building] INFO  o.e.m.c.i.embedder.EclipseLogger - Copying 0 resource
2021-08-03 14:51:54,063 [Worker-885: Building] INFO  o.e.m.c.i.embedder.EclipseLogger - Using 'UTF-8' encoding to copy filtered resources.
2021-08-03 14:51:54,063 [Worker-885: Building] INFO  o.e.m.c.i.embedder.EclipseLogger - Using 'UTF-8' encoding to copy filtered properties files.
2021-08-03 14:51:54,063 [Worker-885: Building] INFO  o.e.m.c.i.embedder.EclipseLogger - skip non existing resourceDirectory E:\Code.world\Softwares for server\springboot-backend-shareup\springboot-backend-shareup\src\test\resources
2021-08-03 14:52:22,453 [Worker-890: Building] INFO  o.e.m.c.i.embedder.EclipseLogger - Using 'UTF-8' encoding to copy filtered resources.
2021-08-03 14:52:22,453 [Worker-890: Building] INFO  o.e.m.c.i.embedder.EclipseLogger - Using 'UTF-8' encoding to copy filtered properties files.
2021-08-03 14:52:22,454 [Worker-890: Building] INFO  o.e.m.c.i.embedder.EclipseLogger - Copying 1 resource
2021-08-03 14:52:22,465 [Worker-890: Building] INFO  o.e.m.c.i.embedder.EclipseLogger - Copying 0 resource
2021-08-03 14:52:22,469 [Worker-890: Building] INFO  o.e.m.c.i.embedder.EclipseLogger - Using 'UTF-8' encoding to copy filtered resources.
2021-08-03 14:52:22,469 [Worker-890: Building] INFO  o.e.m.c.i.embedder.EclipseLogger - Using 'UTF-8' encoding to copy filtered properties files.
2021-08-03 14:52:22,469 [Worker-890: Building] INFO  o.e.m.c.i.embedder.EclipseLogger - skip non existing resourceDirectory E:\Code.world\Softwares for server\springboot-backend-shareup\springboot-backend-shareup\src\test\resources
2021-08-03 14:53:23,141 [Worker-887: Building] INFO  o.e.m.c.i.embedder.EclipseLogger - Using 'UTF-8' encoding to copy filtered resources.
2021-08-03 14:53:23,141 [Worker-887: Building] INFO  o.e.m.c.i.embedder.EclipseLogger - Using 'UTF-8' encoding to copy filtered properties files.
2021-08-03 14:53:23,142 [Worker-887: Building] INFO  o.e.m.c.i.embedder.EclipseLogger - Copying 1 resource
2021-08-03 14:53:23,153 [Worker-887: Building] INFO  o.e.m.c.i.embedder.EclipseLogger - Copying 0 resource
2021-08-03 14:53:23,156 [Worker-887: Building] INFO  o.e.m.c.i.embedder.EclipseLogger - Using 'UTF-8' encoding to copy filtered resources.
2021-08-03 14:53:23,156 [Worker-887: Building] INFO  o.e.m.c.i.embedder.EclipseLogger - Using 'UTF-8' encoding to copy filtered properties files.
2021-08-03 14:53:23,156 [Worker-887: Building] INFO  o.e.m.c.i.embedder.EclipseLogger - skip non existing resourceDirectory E:\Code.world\Softwares for server\springboot-backend-shareup\springboot-backend-shareup\src\test\resources
2021-08-03 14:55:12,296 [Worker-889: Building] INFO  o.e.m.c.i.embedder.EclipseLogger - Using 'UTF-8' encoding to copy filtered resources.
2021-08-03 14:55:12,297 [Worker-889: Building] INFO  o.e.m.c.i.embedder.EclipseLogger - Using 'UTF-8' encoding to copy filtered properties files.
2021-08-03 14:55:12,298 [Worker-889: Building] INFO  o.e.m.c.i.embedder.EclipseLogger - Copying 1 resource
2021-08-03 14:55:12,318 [Worker-889: Building] INFO  o.e.m.c.i.embedder.EclipseLogger - Copying 0 resource
2021-08-03 14:55:12,322 [Worker-889: Building] INFO  o.e.m.c.i.embedder.EclipseLogger - Using 'UTF-8' encoding to copy filtered resources.
2021-08-03 14:55:12,322 [Worker-889: Building] INFO  o.e.m.c.i.embedder.EclipseLogger - Using 'UTF-8' encoding to copy filtered properties files.
2021-08-03 14:55:12,322 [Worker-889: Building] INFO  o.e.m.c.i.embedder.EclipseLogger - skip non existing resourceDirectory E:\Code.world\Softwares for server\springboot-backend-shareup\springboot-backend-shareup\src\test\resources
2021-08-03 16:17:57,002 [Worker-907: Building] INFO  o.e.m.c.i.embedder.EclipseLogger - Using 'UTF-8' encoding to copy filtered resources.
2021-08-03 16:17:57,003 [Worker-907: Building] INFO  o.e.m.c.i.embedder.EclipseLogger - Using 'UTF-8' encoding to copy filtered properties files.
2021-08-03 16:17:57,004 [Worker-907: Building] INFO  o.e.m.c.i.embedder.EclipseLogger - Copying 1 resource
2021-08-03 16:17:57,028 [Worker-907: Building] INFO  o.e.m.c.i.embedder.EclipseLogger - Copying 0 resource
2021-08-03 16:17:57,031 [Worker-907: Building] INFO  o.e.m.c.i.embedder.EclipseLogger - Using 'UTF-8' encoding to copy filtered resources.
2021-08-03 16:17:57,031 [Worker-907: Building] INFO  o.e.m.c.i.embedder.EclipseLogger - Using 'UTF-8' encoding to copy filtered properties files.
2021-08-03 16:17:57,032 [Worker-907: Building] INFO  o.e.m.c.i.embedder.EclipseLogger - skip non existing resourceDirectory E:\Code.world\Softwares for server\springboot-backend-shareup\springboot-backend-shareup\src\test\resources
2021-08-03 16:45:34,249 [Worker-912: Building] INFO  o.e.m.c.i.embedder.EclipseLogger - Using 'UTF-8' encoding to copy filtered resources.
2021-08-03 16:45:34,250 [Worker-912: Building] INFO  o.e.m.c.i.embedder.EclipseLogger - Using 'UTF-8' encoding to copy filtered properties files.
2021-08-03 16:45:34,251 [Worker-912: Building] INFO  o.e.m.c.i.embedder.EclipseLogger - Copying 1 resource
2021-08-03 16:45:34,273 [Worker-912: Building] INFO  o.e.m.c.i.embedder.EclipseLogger - Copying 0 resource
2021-08-03 16:45:34,279 [Worker-912: Building] INFO  o.e.m.c.i.embedder.EclipseLogger - Using 'UTF-8' encoding to copy filtered resources.
2021-08-03 16:45:34,279 [Worker-912: Building] INFO  o.e.m.c.i.embedder.EclipseLogger - Using 'UTF-8' encoding to copy filtered properties files.
2021-08-03 16:45:34,279 [Worker-912: Building] INFO  o.e.m.c.i.embedder.EclipseLogger - skip non existing resourceDirectory E:\Code.world\Softwares for server\springboot-backend-shareup\springboot-backend-shareup\src\test\resources
2021-08-03 16:59:48,838 [Worker-912: Building] INFO  o.e.m.c.i.embedder.EclipseLogger - Using 'UTF-8' encoding to copy filtered resources.
2021-08-03 16:59:48,838 [Worker-912: Building] INFO  o.e.m.c.i.embedder.EclipseLogger - Using 'UTF-8' encoding to copy filtered properties files.
2021-08-03 16:59:48,839 [Worker-912: Building] INFO  o.e.m.c.i.embedder.EclipseLogger - Copying 1 resource
2021-08-03 16:59:48,858 [Worker-912: Building] INFO  o.e.m.c.i.embedder.EclipseLogger - Copying 0 resource
2021-08-03 16:59:48,864 [Worker-912: Building] INFO  o.e.m.c.i.embedder.EclipseLogger - Using 'UTF-8' encoding to copy filtered resources.
2021-08-03 16:59:48,864 [Worker-912: Building] INFO  o.e.m.c.i.embedder.EclipseLogger - Using 'UTF-8' encoding to copy filtered properties files.
2021-08-03 16:59:48,864 [Worker-912: Building] INFO  o.e.m.c.i.embedder.EclipseLogger - skip non existing resourceDirectory E:\Code.world\Softwares for server\springboot-backend-shareup\springboot-backend-shareup\src\test\resources
2021-08-03 17:00:50,992 [Worker-914: Building] INFO  o.e.m.c.i.embedder.EclipseLogger - Using 'UTF-8' encoding to copy filtered resources.
2021-08-03 17:00:50,992 [Worker-914: Building] INFO  o.e.m.c.i.embedder.EclipseLogger - Using 'UTF-8' encoding to copy filtered properties files.
2021-08-03 17:00:50,993 [Worker-914: Building] INFO  o.e.m.c.i.embedder.EclipseLogger - Copying 1 resource
2021-08-03 17:00:51,004 [Worker-914: Building] INFO  o.e.m.c.i.embedder.EclipseLogger - Copying 0 resource
2021-08-03 17:00:51,006 [Worker-914: Building] INFO  o.e.m.c.i.embedder.EclipseLogger - Using 'UTF-8' encoding to copy filtered resources.
2021-08-03 17:00:51,006 [Worker-914: Building] INFO  o.e.m.c.i.embedder.EclipseLogger - Using 'UTF-8' encoding to copy filtered properties files.
2021-08-03 17:00:51,007 [Worker-914: Building] INFO  o.e.m.c.i.embedder.EclipseLogger - skip non existing resourceDirectory E:\Code.world\Softwares for server\springboot-backend-shareup\springboot-backend-shareup\src\test\resources
2021-08-03 17:05:37,306 [Worker-914: Building] INFO  o.e.m.c.i.embedder.EclipseLogger - Using 'UTF-8' encoding to copy filtered resources.
2021-08-03 17:05:37,307 [Worker-914: Building] INFO  o.e.m.c.i.embedder.EclipseLogger - Using 'UTF-8' encoding to copy filtered properties files.
2021-08-03 17:05:37,308 [Worker-914: Building] INFO  o.e.m.c.i.embedder.EclipseLogger - Copying 1 resource
2021-08-03 17:05:37,325 [Worker-914: Building] INFO  o.e.m.c.i.embedder.EclipseLogger - Copying 0 resource
2021-08-03 17:05:37,328 [Worker-914: Building] INFO  o.e.m.c.i.embedder.EclipseLogger - Using 'UTF-8' encoding to copy filtered resources.
2021-08-03 17:05:37,328 [Worker-914: Building] INFO  o.e.m.c.i.embedder.EclipseLogger - Using 'UTF-8' encoding to copy filtered properties files.
2021-08-03 17:05:37,329 [Worker-914: Building] INFO  o.e.m.c.i.embedder.EclipseLogger - skip non existing resourceDirectory E:\Code.world\Softwares for server\springboot-backend-shareup\springboot-backend-shareup\src\test\resources
2021-08-03 17:05:40,908 [Worker-923: Building] INFO  o.e.m.c.i.embedder.EclipseLogger - Using 'UTF-8' encoding to copy filtered resources.
2021-08-03 17:05:40,908 [Worker-923: Building] INFO  o.e.m.c.i.embedder.EclipseLogger - Using 'UTF-8' encoding to copy filtered properties files.
2021-08-03 17:05:40,909 [Worker-923: Building] INFO  o.e.m.c.i.embedder.EclipseLogger - Copying 1 resource
2021-08-03 17:05:40,918 [Worker-923: Building] INFO  o.e.m.c.i.embedder.EclipseLogger - Copying 0 resource
2021-08-03 17:05:40,920 [Worker-923: Building] INFO  o.e.m.c.i.embedder.EclipseLogger - Using 'UTF-8' encoding to copy filtered resources.
2021-08-03 17:05:40,920 [Worker-923: Building] INFO  o.e.m.c.i.embedder.EclipseLogger - Using 'UTF-8' encoding to copy filtered properties files.
2021-08-03 17:05:40,920 [Worker-923: Building] INFO  o.e.m.c.i.embedder.EclipseLogger - skip non existing resourceDirectory E:\Code.world\Softwares for server\springboot-backend-shareup\springboot-backend-shareup\src\test\resources
2021-08-03 17:14:11,985 [Worker-924: Building] INFO  o.e.m.c.i.embedder.EclipseLogger - Using 'UTF-8' encoding to copy filtered resources.
2021-08-03 17:14:11,985 [Worker-924: Building] INFO  o.e.m.c.i.embedder.EclipseLogger - Using 'UTF-8' encoding to copy filtered properties files.
2021-08-03 17:14:11,987 [Worker-924: Building] INFO  o.e.m.c.i.embedder.EclipseLogger - Copying 1 resource
2021-08-03 17:14:12,011 [Worker-924: Building] INFO  o.e.m.c.i.embedder.EclipseLogger - Copying 0 resource
2021-08-03 17:14:12,017 [Worker-924: Building] INFO  o.e.m.c.i.embedder.EclipseLogger - Using 'UTF-8' encoding to copy filtered resources.
2021-08-03 17:14:12,017 [Worker-924: Building] INFO  o.e.m.c.i.embedder.EclipseLogger - Using 'UTF-8' encoding to copy filtered properties files.
2021-08-03 17:14:12,017 [Worker-924: Building] INFO  o.e.m.c.i.embedder.EclipseLogger - skip non existing resourceDirectory E:\Code.world\Softwares for server\springboot-backend-shareup\springboot-backend-shareup\src\test\resources
2021-08-03 17:19:03,135 [Worker-929: Building] INFO  o.e.m.c.i.embedder.EclipseLogger - Using 'UTF-8' encoding to copy filtered resources.
2021-08-03 17:19:03,135 [Worker-929: Building] INFO  o.e.m.c.i.embedder.EclipseLogger - Using 'UTF-8' encoding to copy filtered properties files.
2021-08-03 17:19:03,136 [Worker-929: Building] INFO  o.e.m.c.i.embedder.EclipseLogger - Copying 1 resource
2021-08-03 17:19:03,159 [Worker-929: Building] INFO  o.e.m.c.i.embedder.EclipseLogger - Copying 0 resource
2021-08-03 17:19:03,163 [Worker-929: Building] INFO  o.e.m.c.i.embedder.EclipseLogger - Using 'UTF-8' encoding to copy filtered resources.
2021-08-03 17:19:03,163 [Worker-929: Building] INFO  o.e.m.c.i.embedder.EclipseLogger - Using 'UTF-8' encoding to copy filtered properties files.
2021-08-03 17:19:03,163 [Worker-929: Building] INFO  o.e.m.c.i.embedder.EclipseLogger - skip non existing resourceDirectory E:\Code.world\Softwares for server\springboot-backend-shareup\springboot-backend-shareup\src\test\resources
2021-08-03 17:24:32,601 [Worker-924: Building] INFO  o.e.m.c.i.embedder.EclipseLogger - Using 'UTF-8' encoding to copy filtered resources.
2021-08-03 17:24:32,602 [Worker-924: Building] INFO  o.e.m.c.i.embedder.EclipseLogger - Using 'UTF-8' encoding to copy filtered properties files.
2021-08-03 17:24:32,602 [Worker-924: Building] INFO  o.e.m.c.i.embedder.EclipseLogger - Copying 1 resource
2021-08-03 17:24:32,621 [Worker-924: Building] INFO  o.e.m.c.i.embedder.EclipseLogger - Copying 0 resource
2021-08-03 17:24:32,625 [Worker-924: Building] INFO  o.e.m.c.i.embedder.EclipseLogger - Using 'UTF-8' encoding to copy filtered resources.
2021-08-03 17:24:32,625 [Worker-924: Building] INFO  o.e.m.c.i.embedder.EclipseLogger - Using 'UTF-8' encoding to copy filtered properties files.
2021-08-03 17:24:32,625 [Worker-924: Building] INFO  o.e.m.c.i.embedder.EclipseLogger - skip non existing resourceDirectory E:\Code.world\Softwares for server\springboot-backend-shareup\springboot-backend-shareup\src\test\resources
2021-08-03 17:26:00,137 [Worker-924: Building] INFO  o.e.m.c.i.embedder.EclipseLogger - Using 'UTF-8' encoding to copy filtered resources.
2021-08-03 17:26:00,137 [Worker-924: Building] INFO  o.e.m.c.i.embedder.EclipseLogger - Using 'UTF-8' encoding to copy filtered properties files.
2021-08-03 17:26:00,138 [Worker-924: Building] INFO  o.e.m.c.i.embedder.EclipseLogger - Copying 1 resource
2021-08-03 17:26:00,161 [Worker-924: Building] INFO  o.e.m.c.i.embedder.EclipseLogger - Copying 0 resource
2021-08-03 17:26:00,164 [Worker-924: Building] INFO  o.e.m.c.i.embedder.EclipseLogger - Using 'UTF-8' encoding to copy filtered resources.
2021-08-03 17:26:00,164 [Worker-924: Building] INFO  o.e.m.c.i.embedder.EclipseLogger - Using 'UTF-8' encoding to copy filtered properties files.
2021-08-03 17:26:00,164 [Worker-924: Building] INFO  o.e.m.c.i.embedder.EclipseLogger - skip non existing resourceDirectory E:\Code.world\Softwares for server\springboot-backend-shareup\springboot-backend-shareup\src\test\resources
2021-08-03 17:30:27,163 [Worker-936: Building] INFO  o.e.m.c.i.embedder.EclipseLogger - Using 'UTF-8' encoding to copy filtered resources.
2021-08-03 17:30:27,163 [Worker-936: Building] INFO  o.e.m.c.i.embedder.EclipseLogger - Using 'UTF-8' encoding to copy filtered properties files.
2021-08-03 17:30:27,164 [Worker-936: Building] INFO  o.e.m.c.i.embedder.EclipseLogger - Copying 1 resource
2021-08-03 17:30:27,183 [Worker-936: Building] INFO  o.e.m.c.i.embedder.EclipseLogger - Copying 0 resource
2021-08-03 17:30:27,188 [Worker-936: Building] INFO  o.e.m.c.i.embedder.EclipseLogger - Using 'UTF-8' encoding to copy filtered resources.
2021-08-03 17:30:27,188 [Worker-936: Building] INFO  o.e.m.c.i.embedder.EclipseLogger - Using 'UTF-8' encoding to copy filtered properties files.
2021-08-03 17:30:27,189 [Worker-936: Building] INFO  o.e.m.c.i.embedder.EclipseLogger - skip non existing resourceDirectory E:\Code.world\Softwares for server\springboot-backend-shareup\springboot-backend-shareup\src\test\resources
2021-08-04 08:18:50,432 [Worker-948: Building] INFO  o.e.m.c.i.embedder.EclipseLogger - Using 'UTF-8' encoding to copy filtered resources.
2021-08-04 08:18:50,432 [Worker-948: Building] INFO  o.e.m.c.i.embedder.EclipseLogger - Using 'UTF-8' encoding to copy filtered properties files.
2021-08-04 08:18:50,433 [Worker-948: Building] INFO  o.e.m.c.i.embedder.EclipseLogger - Copying 1 resource
2021-08-04 08:18:50,465 [Worker-948: Building] INFO  o.e.m.c.i.embedder.EclipseLogger - Copying 0 resource
2021-08-04 08:18:50,469 [Worker-948: Building] INFO  o.e.m.c.i.embedder.EclipseLogger - Using 'UTF-8' encoding to copy filtered resources.
2021-08-04 08:18:50,469 [Worker-948: Building] INFO  o.e.m.c.i.embedder.EclipseLogger - Using 'UTF-8' encoding to copy filtered properties files.
2021-08-04 08:18:50,469 [Worker-948: Building] INFO  o.e.m.c.i.embedder.EclipseLogger - skip non existing resourceDirectory E:\Code.world\Softwares for server\springboot-backend-shareup\springboot-backend-shareup\src\test\resources
2021-08-04 08:29:56,117 [Worker-954: Building] INFO  o.e.m.c.i.embedder.EclipseLogger - Using 'UTF-8' encoding to copy filtered resources.
2021-08-04 08:29:56,117 [Worker-954: Building] INFO  o.e.m.c.i.embedder.EclipseLogger - Using 'UTF-8' encoding to copy filtered properties files.
2021-08-04 08:29:56,118 [Worker-954: Building] INFO  o.e.m.c.i.embedder.EclipseLogger - Copying 1 resource
2021-08-04 08:29:56,141 [Worker-954: Building] INFO  o.e.m.c.i.embedder.EclipseLogger - Copying 0 resource
2021-08-04 08:29:56,145 [Worker-954: Building] INFO  o.e.m.c.i.embedder.EclipseLogger - Using 'UTF-8' encoding to copy filtered resources.
2021-08-04 08:29:56,145 [Worker-954: Building] INFO  o.e.m.c.i.embedder.EclipseLogger - Using 'UTF-8' encoding to copy filtered properties files.
2021-08-04 08:29:56,145 [Worker-954: Building] INFO  o.e.m.c.i.embedder.EclipseLogger - skip non existing resourceDirectory E:\Code.world\Softwares for server\springboot-backend-shareup\springboot-backend-shareup\src\test\resources
2021-08-04 11:42:21,699 [Worker-992: Building] INFO  o.e.m.c.i.embedder.EclipseLogger - Using 'UTF-8' encoding to copy filtered resources.
2021-08-04 11:42:21,699 [Worker-992: Building] INFO  o.e.m.c.i.embedder.EclipseLogger - Using 'UTF-8' encoding to copy filtered properties files.
2021-08-04 11:42:21,700 [Worker-992: Building] INFO  o.e.m.c.i.embedder.EclipseLogger - Copying 1 resource
2021-08-04 11:42:21,733 [Worker-992: Building] INFO  o.e.m.c.i.embedder.EclipseLogger - Copying 0 resource
2021-08-04 11:42:21,737 [Worker-992: Building] INFO  o.e.m.c.i.embedder.EclipseLogger - Using 'UTF-8' encoding to copy filtered resources.
2021-08-04 11:42:21,737 [Worker-992: Building] INFO  o.e.m.c.i.embedder.EclipseLogger - Using 'UTF-8' encoding to copy filtered properties files.
2021-08-04 11:42:21,737 [Worker-992: Building] INFO  o.e.m.c.i.embedder.EclipseLogger - skip non existing resourceDirectory E:\Code.world\Softwares for server\springboot-backend-shareup\springboot-backend-shareup\src\test\resources
2021-08-04 11:44:27,157 [Worker-990: Building] INFO  o.e.m.c.i.embedder.EclipseLogger - Using 'UTF-8' encoding to copy filtered resources.
2021-08-04 11:44:27,157 [Worker-990: Building] INFO  o.e.m.c.i.embedder.EclipseLogger - Using 'UTF-8' encoding to copy filtered properties files.
2021-08-04 11:44:27,158 [Worker-990: Building] INFO  o.e.m.c.i.embedder.EclipseLogger - Copying 1 resource
2021-08-04 11:44:27,169 [Worker-990: Building] INFO  o.e.m.c.i.embedder.EclipseLogger - Copying 0 resource
2021-08-04 11:44:27,172 [Worker-990: Building] INFO  o.e.m.c.i.embedder.EclipseLogger - Using 'UTF-8' encoding to copy filtered resources.
2021-08-04 11:44:27,173 [Worker-990: Building] INFO  o.e.m.c.i.embedder.EclipseLogger - Using 'UTF-8' encoding to copy filtered properties files.
2021-08-04 11:44:27,173 [Worker-990: Building] INFO  o.e.m.c.i.embedder.EclipseLogger - skip non existing resourceDirectory E:\Code.world\Softwares for server\springboot-backend-shareup\springboot-backend-shareup\src\test\resources
2021-08-04 11:52:07,086 [Worker-992: Building] INFO  o.e.m.c.i.embedder.EclipseLogger - Using 'UTF-8' encoding to copy filtered resources.
2021-08-04 11:52:07,087 [Worker-992: Building] INFO  o.e.m.c.i.embedder.EclipseLogger - Using 'UTF-8' encoding to copy filtered properties files.
2021-08-04 11:52:07,087 [Worker-992: Building] INFO  o.e.m.c.i.embedder.EclipseLogger - Copying 1 resource
2021-08-04 11:52:07,107 [Worker-992: Building] INFO  o.e.m.c.i.embedder.EclipseLogger - Copying 0 resource
2021-08-04 11:52:07,111 [Worker-992: Building] INFO  o.e.m.c.i.embedder.EclipseLogger - Using 'UTF-8' encoding to copy filtered resources.
2021-08-04 11:52:07,111 [Worker-992: Building] INFO  o.e.m.c.i.embedder.EclipseLogger - Using 'UTF-8' encoding to copy filtered properties files.
2021-08-04 11:52:07,111 [Worker-992: Building] INFO  o.e.m.c.i.embedder.EclipseLogger - skip non existing resourceDirectory E:\Code.world\Softwares for server\springboot-backend-shareup\springboot-backend-shareup\src\test\resources
2021-08-04 15:10:18,564 [Worker-1011: Building] INFO  o.e.m.c.i.embedder.EclipseLogger - Using 'UTF-8' encoding to copy filtered resources.
2021-08-04 15:10:18,564 [Worker-1011: Building] INFO  o.e.m.c.i.embedder.EclipseLogger - Using 'UTF-8' encoding to copy filtered properties files.
2021-08-04 15:10:18,565 [Worker-1011: Building] INFO  o.e.m.c.i.embedder.EclipseLogger - Copying 1 resource
2021-08-04 15:10:18,583 [Worker-1011: Building] INFO  o.e.m.c.i.embedder.EclipseLogger - Copying 0 resource
2021-08-04 15:10:18,587 [Worker-1011: Building] INFO  o.e.m.c.i.embedder.EclipseLogger - Using 'UTF-8' encoding to copy filtered resources.
2021-08-04 15:10:18,587 [Worker-1011: Building] INFO  o.e.m.c.i.embedder.EclipseLogger - Using 'UTF-8' encoding to copy filtered properties files.
2021-08-04 15:10:18,587 [Worker-1011: Building] INFO  o.e.m.c.i.embedder.EclipseLogger - skip non existing resourceDirectory E:\Code.world\Softwares for server\springboot-backend-shareup\springboot-backend-shareup\src\test\resources
2021-08-04 16:50:22,223 [Worker-1032: Building] INFO  o.e.m.c.i.embedder.EclipseLogger - Using 'UTF-8' encoding to copy filtered resources.
2021-08-04 16:50:22,223 [Worker-1032: Building] INFO  o.e.m.c.i.embedder.EclipseLogger - Using 'UTF-8' encoding to copy filtered properties files.
2021-08-04 16:50:22,225 [Worker-1032: Building] INFO  o.e.m.c.i.embedder.EclipseLogger - Copying 1 resource
2021-08-04 16:50:22,239 [Worker-1032: Building] INFO  o.e.m.c.i.embedder.EclipseLogger - Copying 0 resource
2021-08-04 16:50:22,243 [Worker-1032: Building] INFO  o.e.m.c.i.embedder.EclipseLogger - Using 'UTF-8' encoding to copy filtered resources.
2021-08-04 16:50:22,243 [Worker-1032: Building] INFO  o.e.m.c.i.embedder.EclipseLogger - Using 'UTF-8' encoding to copy filtered properties files.
2021-08-04 16:50:22,243 [Worker-1032: Building] INFO  o.e.m.c.i.embedder.EclipseLogger - skip non existing resourceDirectory E:\Code.world\Softwares for server\springboot-backend-shareup\springboot-backend-shareup\src\test\resources
2021-08-04 16:50:29,250 [Worker-1032: Building] INFO  o.e.m.c.i.embedder.EclipseLogger - Using 'UTF-8' encoding to copy filtered resources.
2021-08-04 16:50:29,250 [Worker-1032: Building] INFO  o.e.m.c.i.embedder.EclipseLogger - Using 'UTF-8' encoding to copy filtered properties files.
2021-08-04 16:50:29,251 [Worker-1032: Building] INFO  o.e.m.c.i.embedder.EclipseLogger - Copying 1 resource
2021-08-04 16:50:29,262 [Worker-1032: Building] INFO  o.e.m.c.i.embedder.EclipseLogger - Copying 0 resource
2021-08-04 16:50:29,265 [Worker-1032: Building] INFO  o.e.m.c.i.embedder.EclipseLogger - Using 'UTF-8' encoding to copy filtered resources.
2021-08-04 16:50:29,265 [Worker-1032: Building] INFO  o.e.m.c.i.embedder.EclipseLogger - Using 'UTF-8' encoding to copy filtered properties files.
2021-08-04 16:50:29,265 [Worker-1032: Building] INFO  o.e.m.c.i.embedder.EclipseLogger - skip non existing resourceDirectory E:\Code.world\Softwares for server\springboot-backend-shareup\springboot-backend-shareup\src\test\resources
2021-08-05 09:53:08,888 [Worker-1053: Building] INFO  o.e.m.c.i.embedder.EclipseLogger - Using 'UTF-8' encoding to copy filtered resources.
2021-08-05 09:53:08,888 [Worker-1053: Building] INFO  o.e.m.c.i.embedder.EclipseLogger - Using 'UTF-8' encoding to copy filtered properties files.
2021-08-05 09:53:08,889 [Worker-1053: Building] INFO  o.e.m.c.i.embedder.EclipseLogger - Copying 1 resource
2021-08-05 09:53:08,924 [Worker-1053: Building] INFO  o.e.m.c.i.embedder.EclipseLogger - Copying 0 resource
2021-08-05 09:53:08,928 [Worker-1053: Building] INFO  o.e.m.c.i.embedder.EclipseLogger - Using 'UTF-8' encoding to copy filtered resources.
2021-08-05 09:53:08,928 [Worker-1053: Building] INFO  o.e.m.c.i.embedder.EclipseLogger - Using 'UTF-8' encoding to copy filtered properties files.
2021-08-05 09:53:08,928 [Worker-1053: Building] INFO  o.e.m.c.i.embedder.EclipseLogger - skip non existing resourceDirectory E:\Code.world\Softwares for server\springboot-backend-shareup\springboot-backend-shareup\src\test\resources
2021-08-05 09:55:16,587 [Worker-1055: Building] INFO  o.e.m.c.i.embedder.EclipseLogger - Using 'UTF-8' encoding to copy filtered resources.
2021-08-05 09:55:16,587 [Worker-1055: Building] INFO  o.e.m.c.i.embedder.EclipseLogger - Using 'UTF-8' encoding to copy filtered properties files.
2021-08-05 09:55:16,588 [Worker-1055: Building] INFO  o.e.m.c.i.embedder.EclipseLogger - Copying 1 resource
2021-08-05 09:55:16,608 [Worker-1055: Building] INFO  o.e.m.c.i.embedder.EclipseLogger - Copying 0 resource
2021-08-05 09:55:16,612 [Worker-1055: Building] INFO  o.e.m.c.i.embedder.EclipseLogger - Using 'UTF-8' encoding to copy filtered resources.
2021-08-05 09:55:16,612 [Worker-1055: Building] INFO  o.e.m.c.i.embedder.EclipseLogger - Using 'UTF-8' encoding to copy filtered properties files.
2021-08-05 09:55:16,612 [Worker-1055: Building] INFO  o.e.m.c.i.embedder.EclipseLogger - skip non existing resourceDirectory E:\Code.world\Softwares for server\springboot-backend-shareup\springboot-backend-shareup\src\test\resources
2021-08-05 10:51:59,933 [Worker-1068: Building] INFO  o.e.m.c.i.embedder.EclipseLogger - Using 'UTF-8' encoding to copy filtered resources.
2021-08-05 10:51:59,934 [Worker-1068: Building] INFO  o.e.m.c.i.embedder.EclipseLogger - Using 'UTF-8' encoding to copy filtered properties files.
2021-08-05 10:51:59,935 [Worker-1068: Building] INFO  o.e.m.c.i.embedder.EclipseLogger - Copying 1 resource
2021-08-05 10:51:59,955 [Worker-1068: Building] INFO  o.e.m.c.i.embedder.EclipseLogger - Copying 0 resource
2021-08-05 10:51:59,959 [Worker-1068: Building] INFO  o.e.m.c.i.embedder.EclipseLogger - Using 'UTF-8' encoding to copy filtered resources.
2021-08-05 10:51:59,959 [Worker-1068: Building] INFO  o.e.m.c.i.embedder.EclipseLogger - Using 'UTF-8' encoding to copy filtered properties files.
2021-08-05 10:51:59,959 [Worker-1068: Building] INFO  o.e.m.c.i.embedder.EclipseLogger - skip non existing resourceDirectory E:\Code.world\Softwares for server\springboot-backend-shareup\springboot-backend-shareup\src\test\resources
2021-08-07 08:55:33,967 [Worker-1125: Building] INFO  o.e.m.c.i.embedder.EclipseLogger - Using 'UTF-8' encoding to copy filtered resources.
2021-08-07 08:55:33,968 [Worker-1125: Building] INFO  o.e.m.c.i.embedder.EclipseLogger - Using 'UTF-8' encoding to copy filtered properties files.
2021-08-07 08:55:33,969 [Worker-1125: Building] INFO  o.e.m.c.i.embedder.EclipseLogger - Copying 1 resource
2021-08-07 08:55:34,005 [Worker-1125: Building] INFO  o.e.m.c.i.embedder.EclipseLogger - Copying 0 resource
2021-08-07 08:55:34,008 [Worker-1125: Building] INFO  o.e.m.c.i.embedder.EclipseLogger - Using 'UTF-8' encoding to copy filtered resources.
2021-08-07 08:55:34,009 [Worker-1125: Building] INFO  o.e.m.c.i.embedder.EclipseLogger - Using 'UTF-8' encoding to copy filtered properties files.
2021-08-07 08:55:34,009 [Worker-1125: Building] INFO  o.e.m.c.i.embedder.EclipseLogger - skip non existing resourceDirectory E:\Code.world\Softwares for server\springboot-backend-shareup\springboot-backend-shareup\src\test\resources
2021-08-07 09:07:40,567 [Worker-1133: Building] INFO  o.e.m.c.i.embedder.EclipseLogger - Using 'UTF-8' encoding to copy filtered resources.
2021-08-07 09:07:40,567 [Worker-1133: Building] INFO  o.e.m.c.i.embedder.EclipseLogger - Using 'UTF-8' encoding to copy filtered properties files.
2021-08-07 09:07:40,568 [Worker-1133: Building] INFO  o.e.m.c.i.embedder.EclipseLogger - Copying 1 resource
2021-08-07 09:07:40,588 [Worker-1133: Building] INFO  o.e.m.c.i.embedder.EclipseLogger - Copying 0 resource
2021-08-07 09:07:40,591 [Worker-1133: Building] INFO  o.e.m.c.i.embedder.EclipseLogger - Using 'UTF-8' encoding to copy filtered resources.
2021-08-07 09:07:40,591 [Worker-1133: Building] INFO  o.e.m.c.i.embedder.EclipseLogger - Using 'UTF-8' encoding to copy filtered properties files.
2021-08-07 09:07:40,591 [Worker-1133: Building] INFO  o.e.m.c.i.embedder.EclipseLogger - skip non existing resourceDirectory E:\Code.world\Softwares for server\springboot-backend-shareup\springboot-backend-shareup\src\test\resources
2021-08-07 09:07:55,286 [Worker-1133: Building] INFO  o.e.m.c.i.embedder.EclipseLogger - Using 'UTF-8' encoding to copy filtered resources.
2021-08-07 09:07:55,286 [Worker-1133: Building] INFO  o.e.m.c.i.embedder.EclipseLogger - Using 'UTF-8' encoding to copy filtered properties files.
2021-08-07 09:07:55,287 [Worker-1133: Building] INFO  o.e.m.c.i.embedder.EclipseLogger - Copying 1 resource
2021-08-07 09:07:55,297 [Worker-1133: Building] INFO  o.e.m.c.i.embedder.EclipseLogger - Copying 0 resource
2021-08-07 09:07:55,300 [Worker-1133: Building] INFO  o.e.m.c.i.embedder.EclipseLogger - Using 'UTF-8' encoding to copy filtered resources.
2021-08-07 09:07:55,300 [Worker-1133: Building] INFO  o.e.m.c.i.embedder.EclipseLogger - Using 'UTF-8' encoding to copy filtered properties files.
2021-08-07 09:07:55,300 [Worker-1133: Building] INFO  o.e.m.c.i.embedder.EclipseLogger - skip non existing resourceDirectory E:\Code.world\Softwares for server\springboot-backend-shareup\springboot-backend-shareup\src\test\resources
2021-08-07 09:11:28,979 [Worker-1139: Building] INFO  o.e.m.c.i.embedder.EclipseLogger - Using 'UTF-8' encoding to copy filtered resources.
2021-08-07 09:11:28,980 [Worker-1139: Building] INFO  o.e.m.c.i.embedder.EclipseLogger - Using 'UTF-8' encoding to copy filtered properties files.
2021-08-07 09:11:28,981 [Worker-1139: Building] INFO  o.e.m.c.i.embedder.EclipseLogger - Copying 1 resource
2021-08-07 09:11:28,991 [Worker-1139: Building] INFO  o.e.m.c.i.embedder.EclipseLogger - Copying 0 resource
2021-08-07 09:11:28,993 [Worker-1139: Building] INFO  o.e.m.c.i.embedder.EclipseLogger - Using 'UTF-8' encoding to copy filtered resources.
2021-08-07 09:11:28,993 [Worker-1139: Building] INFO  o.e.m.c.i.embedder.EclipseLogger - Using 'UTF-8' encoding to copy filtered properties files.
2021-08-07 09:11:28,993 [Worker-1139: Building] INFO  o.e.m.c.i.embedder.EclipseLogger - skip non existing resourceDirectory E:\Code.world\Softwares for server\springboot-backend-shareup\springboot-backend-shareup\src\test\resources
2021-08-07 09:12:30,837 [Worker-1140: Building] INFO  o.e.m.c.i.embedder.EclipseLogger - Using 'UTF-8' encoding to copy filtered resources.
2021-08-07 09:12:30,837 [Worker-1140: Building] INFO  o.e.m.c.i.embedder.EclipseLogger - Using 'UTF-8' encoding to copy filtered properties files.
2021-08-07 09:12:30,838 [Worker-1140: Building] INFO  o.e.m.c.i.embedder.EclipseLogger - Copying 1 resource
2021-08-07 09:12:30,847 [Worker-1140: Building] INFO  o.e.m.c.i.embedder.EclipseLogger - Copying 0 resource
2021-08-07 09:12:30,850 [Worker-1140: Building] INFO  o.e.m.c.i.embedder.EclipseLogger - Using 'UTF-8' encoding to copy filtered resources.
2021-08-07 09:12:30,850 [Worker-1140: Building] INFO  o.e.m.c.i.embedder.EclipseLogger - Using 'UTF-8' encoding to copy filtered properties files.
2021-08-07 09:12:30,850 [Worker-1140: Building] INFO  o.e.m.c.i.embedder.EclipseLogger - skip non existing resourceDirectory E:\Code.world\Softwares for server\springboot-backend-shareup\springboot-backend-shareup\src\test\resources
2021-08-07 09:13:33,384 [Worker-1140: Building] INFO  o.e.m.c.i.embedder.EclipseLogger - Using 'UTF-8' encoding to copy filtered resources.
2021-08-07 09:13:33,384 [Worker-1140: Building] INFO  o.e.m.c.i.embedder.EclipseLogger - Using 'UTF-8' encoding to copy filtered properties files.
2021-08-07 09:13:33,385 [Worker-1140: Building] INFO  o.e.m.c.i.embedder.EclipseLogger - Copying 1 resource
2021-08-07 09:13:33,396 [Worker-1140: Building] INFO  o.e.m.c.i.embedder.EclipseLogger - Copying 0 resource
2021-08-07 09:13:33,399 [Worker-1140: Building] INFO  o.e.m.c.i.embedder.EclipseLogger - Using 'UTF-8' encoding to copy filtered resources.
2021-08-07 09:13:33,399 [Worker-1140: Building] INFO  o.e.m.c.i.embedder.EclipseLogger - Using 'UTF-8' encoding to copy filtered properties files.
2021-08-07 09:13:33,399 [Worker-1140: Building] INFO  o.e.m.c.i.embedder.EclipseLogger - skip non existing resourceDirectory E:\Code.world\Softwares for server\springboot-backend-shareup\springboot-backend-shareup\src\test\resources
2021-08-07 09:13:50,554 [Worker-1138: Building] INFO  o.e.m.c.i.embedder.EclipseLogger - Using 'UTF-8' encoding to copy filtered resources.
2021-08-07 09:13:50,554 [Worker-1138: Building] INFO  o.e.m.c.i.embedder.EclipseLogger - Using 'UTF-8' encoding to copy filtered properties files.
2021-08-07 09:13:50,555 [Worker-1138: Building] INFO  o.e.m.c.i.embedder.EclipseLogger - Copying 1 resource
2021-08-07 09:13:50,565 [Worker-1138: Building] INFO  o.e.m.c.i.embedder.EclipseLogger - Copying 0 resource
2021-08-07 09:13:50,567 [Worker-1138: Building] INFO  o.e.m.c.i.embedder.EclipseLogger - Using 'UTF-8' encoding to copy filtered resources.
2021-08-07 09:13:50,567 [Worker-1138: Building] INFO  o.e.m.c.i.embedder.EclipseLogger - Using 'UTF-8' encoding to copy filtered properties files.
2021-08-07 09:13:50,568 [Worker-1138: Building] INFO  o.e.m.c.i.embedder.EclipseLogger - skip non existing resourceDirectory E:\Code.world\Softwares for server\springboot-backend-shareup\springboot-backend-shareup\src\test\resources
2021-08-07 09:14:03,696 [Worker-1133: Building] INFO  o.e.m.c.i.embedder.EclipseLogger - Using 'UTF-8' encoding to copy filtered resources.
2021-08-07 09:14:03,696 [Worker-1133: Building] INFO  o.e.m.c.i.embedder.EclipseLogger - Using 'UTF-8' encoding to copy filtered properties files.
2021-08-07 09:14:03,697 [Worker-1133: Building] INFO  o.e.m.c.i.embedder.EclipseLogger - Copying 1 resource
2021-08-07 09:14:03,718 [Worker-1133: Building] INFO  o.e.m.c.i.embedder.EclipseLogger - Copying 0 resource
2021-08-07 09:14:03,723 [Worker-1133: Building] INFO  o.e.m.c.i.embedder.EclipseLogger - Using 'UTF-8' encoding to copy filtered resources.
2021-08-07 09:14:03,723 [Worker-1133: Building] INFO  o.e.m.c.i.embedder.EclipseLogger - Using 'UTF-8' encoding to copy filtered properties files.
2021-08-07 09:14:03,723 [Worker-1133: Building] INFO  o.e.m.c.i.embedder.EclipseLogger - skip non existing resourceDirectory E:\Code.world\Softwares for server\springboot-backend-shareup\springboot-backend-shareup\src\test\resources
2021-08-07 10:08:03,917 [Worker-1144: Building] INFO  o.e.m.c.i.embedder.EclipseLogger - Using 'UTF-8' encoding to copy filtered resources.
2021-08-07 10:08:03,917 [Worker-1144: Building] INFO  o.e.m.c.i.embedder.EclipseLogger - Using 'UTF-8' encoding to copy filtered properties files.
2021-08-07 10:08:03,918 [Worker-1144: Building] INFO  o.e.m.c.i.embedder.EclipseLogger - Copying 1 resource
2021-08-07 10:08:03,939 [Worker-1144: Building] INFO  o.e.m.c.i.embedder.EclipseLogger - Copying 0 resource
2021-08-07 10:08:03,944 [Worker-1144: Building] INFO  o.e.m.c.i.embedder.EclipseLogger - Using 'UTF-8' encoding to copy filtered resources.
2021-08-07 10:08:03,944 [Worker-1144: Building] INFO  o.e.m.c.i.embedder.EclipseLogger - Using 'UTF-8' encoding to copy filtered properties files.
2021-08-07 10:08:03,944 [Worker-1144: Building] INFO  o.e.m.c.i.embedder.EclipseLogger - skip non existing resourceDirectory E:\Code.world\Softwares for server\springboot-backend-shareup\springboot-backend-shareup\src\test\resources
2021-08-07 13:55:02,504 [Worker-1173: Building] INFO  o.e.m.c.i.embedder.EclipseLogger - Using 'UTF-8' encoding to copy filtered resources.
2021-08-07 13:55:02,504 [Worker-1173: Building] INFO  o.e.m.c.i.embedder.EclipseLogger - Using 'UTF-8' encoding to copy filtered properties files.
2021-08-07 13:55:02,505 [Worker-1173: Building] INFO  o.e.m.c.i.embedder.EclipseLogger - Copying 1 resource
2021-08-07 13:55:02,523 [Worker-1173: Building] INFO  o.e.m.c.i.embedder.EclipseLogger - Copying 0 resource
2021-08-07 13:55:02,526 [Worker-1173: Building] INFO  o.e.m.c.i.embedder.EclipseLogger - Using 'UTF-8' encoding to copy filtered resources.
2021-08-07 13:55:02,526 [Worker-1173: Building] INFO  o.e.m.c.i.embedder.EclipseLogger - Using 'UTF-8' encoding to copy filtered properties files.
2021-08-07 13:55:02,526 [Worker-1173: Building] INFO  o.e.m.c.i.embedder.EclipseLogger - skip non existing resourceDirectory E:\Code.world\Softwares for server\springboot-backend-shareup\springboot-backend-shareup\src\test\resources
2021-08-07 14:01:48,565 [Worker-1176: Building] INFO  o.e.m.c.i.embedder.EclipseLogger - Using 'UTF-8' encoding to copy filtered resources.
2021-08-07 14:01:48,565 [Worker-1176: Building] INFO  o.e.m.c.i.embedder.EclipseLogger - Using 'UTF-8' encoding to copy filtered properties files.
2021-08-07 14:01:48,566 [Worker-1176: Building] INFO  o.e.m.c.i.embedder.EclipseLogger - Copying 1 resource
2021-08-07 14:01:48,587 [Worker-1176: Building] INFO  o.e.m.c.i.embedder.EclipseLogger - Copying 0 resource
2021-08-07 14:01:48,590 [Worker-1176: Building] INFO  o.e.m.c.i.embedder.EclipseLogger - Using 'UTF-8' encoding to copy filtered resources.
2021-08-07 14:01:48,591 [Worker-1176: Building] INFO  o.e.m.c.i.embedder.EclipseLogger - Using 'UTF-8' encoding to copy filtered properties files.
2021-08-07 14:01:48,591 [Worker-1176: Building] INFO  o.e.m.c.i.embedder.EclipseLogger - skip non existing resourceDirectory E:\Code.world\Softwares for server\springboot-backend-shareup\springboot-backend-shareup\src\test\resources
2021-08-08 11:04:31,135 [Worker-1235: Building] INFO  o.e.m.c.i.embedder.EclipseLogger - Using 'UTF-8' encoding to copy filtered resources.
2021-08-08 11:04:31,135 [Worker-1235: Building] INFO  o.e.m.c.i.embedder.EclipseLogger - Using 'UTF-8' encoding to copy filtered properties files.
2021-08-08 11:04:31,136 [Worker-1235: Building] INFO  o.e.m.c.i.embedder.EclipseLogger - Copying 1 resource
2021-08-08 11:04:31,180 [Worker-1235: Building] INFO  o.e.m.c.i.embedder.EclipseLogger - Copying 0 resource
2021-08-08 11:04:31,184 [Worker-1235: Building] INFO  o.e.m.c.i.embedder.EclipseLogger - Using 'UTF-8' encoding to copy filtered resources.
2021-08-08 11:04:31,184 [Worker-1235: Building] INFO  o.e.m.c.i.embedder.EclipseLogger - Using 'UTF-8' encoding to copy filtered properties files.
2021-08-08 11:04:31,184 [Worker-1235: Building] INFO  o.e.m.c.i.embedder.EclipseLogger - skip non existing resourceDirectory E:\Code.world\Softwares for server\springboot-backend-shareup\springboot-backend-shareup\src\test\resources
2021-08-08 11:05:16,380 [Worker-1235: Building] INFO  o.e.m.c.i.embedder.EclipseLogger - Using 'UTF-8' encoding to copy filtered resources.
2021-08-08 11:05:16,380 [Worker-1235: Building] INFO  o.e.m.c.i.embedder.EclipseLogger - Using 'UTF-8' encoding to copy filtered properties files.
2021-08-08 11:05:16,381 [Worker-1235: Building] INFO  o.e.m.c.i.embedder.EclipseLogger - Copying 1 resource
2021-08-08 11:05:16,393 [Worker-1235: Building] INFO  o.e.m.c.i.embedder.EclipseLogger - Copying 0 resource
2021-08-08 11:05:16,396 [Worker-1235: Building] INFO  o.e.m.c.i.embedder.EclipseLogger - Using 'UTF-8' encoding to copy filtered resources.
2021-08-08 11:05:16,396 [Worker-1235: Building] INFO  o.e.m.c.i.embedder.EclipseLogger - Using 'UTF-8' encoding to copy filtered properties files.
2021-08-08 11:05:16,396 [Worker-1235: Building] INFO  o.e.m.c.i.embedder.EclipseLogger - skip non existing resourceDirectory E:\Code.world\Softwares for server\springboot-backend-shareup\springboot-backend-shareup\src\test\resources
2021-08-16 16:53:31,449 [Worker-1776: Building] INFO  o.e.m.c.i.embedder.EclipseLogger - Using 'UTF-8' encoding to copy filtered resources.
2021-08-16 16:53:31,449 [Worker-1776: Building] INFO  o.e.m.c.i.embedder.EclipseLogger - Using 'UTF-8' encoding to copy filtered properties files.
2021-08-16 16:53:31,450 [Worker-1776: Building] INFO  o.e.m.c.i.embedder.EclipseLogger - Copying 1 resource
2021-08-16 16:53:31,483 [Worker-1776: Building] INFO  o.e.m.c.i.embedder.EclipseLogger - Copying 0 resource
2021-08-16 16:53:31,487 [Worker-1776: Building] INFO  o.e.m.c.i.embedder.EclipseLogger - Using 'UTF-8' encoding to copy filtered resources.
2021-08-16 16:53:31,487 [Worker-1776: Building] INFO  o.e.m.c.i.embedder.EclipseLogger - Using 'UTF-8' encoding to copy filtered properties files.
2021-08-16 16:53:31,487 [Worker-1776: Building] INFO  o.e.m.c.i.embedder.EclipseLogger - skip non existing resourceDirectory E:\Code.world\Softwares for server\springboot-backend-shareup\springboot-backend-shareup\src\test\resources
2021-08-16 16:55:33,274 [Worker-1780: Building] INFO  o.e.m.c.i.embedder.EclipseLogger - Using 'UTF-8' encoding to copy filtered resources.
2021-08-16 16:55:33,274 [Worker-1780: Building] INFO  o.e.m.c.i.embedder.EclipseLogger - Using 'UTF-8' encoding to copy filtered properties files.
2021-08-16 16:55:33,275 [Worker-1780: Building] INFO  o.e.m.c.i.embedder.EclipseLogger - Copying 1 resource
2021-08-16 16:55:33,286 [Worker-1780: Building] INFO  o.e.m.c.i.embedder.EclipseLogger - Copying 0 resource
2021-08-16 16:55:33,288 [Worker-1780: Building] INFO  o.e.m.c.i.embedder.EclipseLogger - Using 'UTF-8' encoding to copy filtered resources.
2021-08-16 16:55:33,289 [Worker-1780: Building] INFO  o.e.m.c.i.embedder.EclipseLogger - Using 'UTF-8' encoding to copy filtered properties files.
2021-08-16 16:55:33,289 [Worker-1780: Building] INFO  o.e.m.c.i.embedder.EclipseLogger - skip non existing resourceDirectory E:\Code.world\Softwares for server\springboot-backend-shareup\springboot-backend-shareup\src\test\resources
2021-08-16 17:01:29,248 [Worker-1783: Building] INFO  o.e.m.c.i.embedder.EclipseLogger - Using 'UTF-8' encoding to copy filtered resources.
2021-08-16 17:01:29,248 [Worker-1783: Building] INFO  o.e.m.c.i.embedder.EclipseLogger - Using 'UTF-8' encoding to copy filtered properties files.
2021-08-16 17:01:29,248 [Worker-1783: Building] INFO  o.e.m.c.i.embedder.EclipseLogger - Copying 1 resource
2021-08-16 17:01:29,258 [Worker-1783: Building] INFO  o.e.m.c.i.embedder.EclipseLogger - Copying 0 resource
2021-08-16 17:01:29,261 [Worker-1783: Building] INFO  o.e.m.c.i.embedder.EclipseLogger - Using 'UTF-8' encoding to copy filtered resources.
2021-08-16 17:01:29,262 [Worker-1783: Building] INFO  o.e.m.c.i.embedder.EclipseLogger - Using 'UTF-8' encoding to copy filtered properties files.
2021-08-16 17:01:29,262 [Worker-1783: Building] INFO  o.e.m.c.i.embedder.EclipseLogger - skip non existing resourceDirectory E:\Code.world\Softwares for server\springboot-backend-shareup\springboot-backend-shareup\src\test\resources
2021-08-16 17:05:19,596 [Worker-1785: Building] INFO  o.e.m.c.i.embedder.EclipseLogger - Using 'UTF-8' encoding to copy filtered resources.
2021-08-16 17:05:19,596 [Worker-1785: Building] INFO  o.e.m.c.i.embedder.EclipseLogger - Using 'UTF-8' encoding to copy filtered properties files.
2021-08-16 17:05:19,597 [Worker-1785: Building] INFO  o.e.m.c.i.embedder.EclipseLogger - Copying 1 resource
2021-08-16 17:05:19,608 [Worker-1785: Building] INFO  o.e.m.c.i.embedder.EclipseLogger - Copying 0 resource
2021-08-16 17:05:19,610 [Worker-1785: Building] INFO  o.e.m.c.i.embedder.EclipseLogger - Using 'UTF-8' encoding to copy filtered resources.
2021-08-16 17:05:19,611 [Worker-1785: Building] INFO  o.e.m.c.i.embedder.EclipseLogger - Using 'UTF-8' encoding to copy filtered properties files.
2021-08-16 17:05:19,611 [Worker-1785: Building] INFO  o.e.m.c.i.embedder.EclipseLogger - skip non existing resourceDirectory E:\Code.world\Softwares for server\springboot-backend-shareup\springboot-backend-shareup\src\test\resources
2021-08-16 17:10:27,082 [Worker-1786: Building] INFO  o.e.m.c.i.embedder.EclipseLogger - Using 'UTF-8' encoding to copy filtered resources.
2021-08-16 17:10:27,082 [Worker-1786: Building] INFO  o.e.m.c.i.embedder.EclipseLogger - Using 'UTF-8' encoding to copy filtered properties files.
2021-08-16 17:10:27,083 [Worker-1786: Building] INFO  o.e.m.c.i.embedder.EclipseLogger - Copying 1 resource
2021-08-16 17:10:27,094 [Worker-1786: Building] INFO  o.e.m.c.i.embedder.EclipseLogger - Copying 0 resource
2021-08-16 17:10:27,098 [Worker-1786: Building] INFO  o.e.m.c.i.embedder.EclipseLogger - Using 'UTF-8' encoding to copy filtered resources.
2021-08-16 17:10:27,099 [Worker-1786: Building] INFO  o.e.m.c.i.embedder.EclipseLogger - Using 'UTF-8' encoding to copy filtered properties files.
2021-08-16 17:10:27,099 [Worker-1786: Building] INFO  o.e.m.c.i.embedder.EclipseLogger - skip non existing resourceDirectory E:\Code.world\Softwares for server\springboot-backend-shareup\springboot-backend-shareup\src\test\resources
2021-08-16 17:11:36,468 [Worker-1786: Building] INFO  o.e.m.c.i.embedder.EclipseLogger - Using 'UTF-8' encoding to copy filtered resources.
2021-08-16 17:11:36,469 [Worker-1786: Building] INFO  o.e.m.c.i.embedder.EclipseLogger - Using 'UTF-8' encoding to copy filtered properties files.
2021-08-16 17:11:36,469 [Worker-1786: Building] INFO  o.e.m.c.i.embedder.EclipseLogger - Copying 1 resource
2021-08-16 17:11:36,482 [Worker-1786: Building] INFO  o.e.m.c.i.embedder.EclipseLogger - Copying 0 resource
2021-08-16 17:11:36,484 [Worker-1786: Building] INFO  o.e.m.c.i.embedder.EclipseLogger - Using 'UTF-8' encoding to copy filtered resources.
2021-08-16 17:11:36,485 [Worker-1786: Building] INFO  o.e.m.c.i.embedder.EclipseLogger - Using 'UTF-8' encoding to copy filtered properties files.
2021-08-16 17:11:36,485 [Worker-1786: Building] INFO  o.e.m.c.i.embedder.EclipseLogger - skip non existing resourceDirectory E:\Code.world\Softwares for server\springboot-backend-shareup\springboot-backend-shareup\src\test\resources
2021-08-17 08:17:03,532 [Worker-1803: Building] INFO  o.e.m.c.i.embedder.EclipseLogger - Using 'UTF-8' encoding to copy filtered resources.
2021-08-17 08:17:03,533 [Worker-1803: Building] INFO  o.e.m.c.i.embedder.EclipseLogger - Using 'UTF-8' encoding to copy filtered properties files.
2021-08-17 08:17:03,534 [Worker-1803: Building] INFO  o.e.m.c.i.embedder.EclipseLogger - Copying 1 resource
2021-08-17 08:17:03,564 [Worker-1803: Building] INFO  o.e.m.c.i.embedder.EclipseLogger - Copying 0 resource
2021-08-17 08:17:03,567 [Worker-1803: Building] INFO  o.e.m.c.i.embedder.EclipseLogger - Using 'UTF-8' encoding to copy filtered resources.
2021-08-17 08:17:03,567 [Worker-1803: Building] INFO  o.e.m.c.i.embedder.EclipseLogger - Using 'UTF-8' encoding to copy filtered properties files.
2021-08-17 08:17:03,567 [Worker-1803: Building] INFO  o.e.m.c.i.embedder.EclipseLogger - skip non existing resourceDirectory E:\Code.world\Softwares for server\springboot-backend-shareup\springboot-backend-shareup\src\test\resources
2021-08-17 08:30:46,820 [Worker-1806: Building] INFO  o.e.m.c.i.embedder.EclipseLogger - Using 'UTF-8' encoding to copy filtered resources.
2021-08-17 08:30:46,820 [Worker-1806: Building] INFO  o.e.m.c.i.embedder.EclipseLogger - Using 'UTF-8' encoding to copy filtered properties files.
2021-08-17 08:30:46,821 [Worker-1806: Building] INFO  o.e.m.c.i.embedder.EclipseLogger - Copying 1 resource
2021-08-17 08:30:46,832 [Worker-1806: Building] INFO  o.e.m.c.i.embedder.EclipseLogger - Copying 0 resource
2021-08-17 08:30:46,835 [Worker-1806: Building] INFO  o.e.m.c.i.embedder.EclipseLogger - Using 'UTF-8' encoding to copy filtered resources.
2021-08-17 08:30:46,835 [Worker-1806: Building] INFO  o.e.m.c.i.embedder.EclipseLogger - Using 'UTF-8' encoding to copy filtered properties files.
2021-08-17 08:30:46,835 [Worker-1806: Building] INFO  o.e.m.c.i.embedder.EclipseLogger - skip non existing resourceDirectory E:\Code.world\Softwares for server\springboot-backend-shareup\springboot-backend-shareup\src\test\resources
2021-08-18 13:59:58,115 [Worker-1868: Building] INFO  o.e.m.c.i.embedder.EclipseLogger - Using 'UTF-8' encoding to copy filtered resources.
2021-08-18 13:59:58,115 [Worker-1868: Building] INFO  o.e.m.c.i.embedder.EclipseLogger - Using 'UTF-8' encoding to copy filtered properties files.
2021-08-18 13:59:58,116 [Worker-1868: Building] INFO  o.e.m.c.i.embedder.EclipseLogger - Copying 1 resource
2021-08-18 13:59:58,139 [Worker-1868: Building] INFO  o.e.m.c.i.embedder.EclipseLogger - Copying 0 resource
2021-08-18 13:59:58,142 [Worker-1868: Building] INFO  o.e.m.c.i.embedder.EclipseLogger - Using 'UTF-8' encoding to copy filtered resources.
2021-08-18 13:59:58,142 [Worker-1868: Building] INFO  o.e.m.c.i.embedder.EclipseLogger - Using 'UTF-8' encoding to copy filtered properties files.
2021-08-18 13:59:58,142 [Worker-1868: Building] INFO  o.e.m.c.i.embedder.EclipseLogger - skip non existing resourceDirectory E:\Code.world\Softwares for server\springboot-backend-shareup\springboot-backend-shareup\src\test\resources
2021-08-18 14:01:50,140 [Worker-1868: Building] INFO  o.e.m.c.i.embedder.EclipseLogger - Using 'UTF-8' encoding to copy filtered resources.
2021-08-18 14:01:50,140 [Worker-1868: Building] INFO  o.e.m.c.i.embedder.EclipseLogger - Using 'UTF-8' encoding to copy filtered properties files.
2021-08-18 14:01:50,141 [Worker-1868: Building] INFO  o.e.m.c.i.embedder.EclipseLogger - Copying 1 resource
2021-08-18 14:01:50,159 [Worker-1868: Building] INFO  o.e.m.c.i.embedder.EclipseLogger - Copying 0 resource
2021-08-18 14:01:50,164 [Worker-1868: Building] INFO  o.e.m.c.i.embedder.EclipseLogger - Using 'UTF-8' encoding to copy filtered resources.
2021-08-18 14:01:50,164 [Worker-1868: Building] INFO  o.e.m.c.i.embedder.EclipseLogger - Using 'UTF-8' encoding to copy filtered properties files.
2021-08-18 14:01:50,164 [Worker-1868: Building] INFO  o.e.m.c.i.embedder.EclipseLogger - skip non existing resourceDirectory E:\Code.world\Softwares for server\springboot-backend-shareup\springboot-backend-shareup\src\test\resources
2021-08-21 11:22:52,210 [Worker-1979: Building] INFO  o.e.m.c.i.embedder.EclipseLogger - Using 'UTF-8' encoding to copy filtered resources.
2021-08-21 11:22:52,211 [Worker-1979: Building] INFO  o.e.m.c.i.embedder.EclipseLogger - Using 'UTF-8' encoding to copy filtered properties files.
2021-08-21 11:22:52,212 [Worker-1979: Building] INFO  o.e.m.c.i.embedder.EclipseLogger - Copying 1 resource
2021-08-21 11:22:52,252 [Worker-1979: Building] INFO  o.e.m.c.i.embedder.EclipseLogger - Copying 0 resource
2021-08-21 11:22:52,256 [Worker-1979: Building] INFO  o.e.m.c.i.embedder.EclipseLogger - Using 'UTF-8' encoding to copy filtered resources.
2021-08-21 11:22:52,256 [Worker-1979: Building] INFO  o.e.m.c.i.embedder.EclipseLogger - Using 'UTF-8' encoding to copy filtered properties files.
2021-08-21 11:22:52,256 [Worker-1979: Building] INFO  o.e.m.c.i.embedder.EclipseLogger - skip non existing resourceDirectory E:\Code.world\Softwares for server\springboot-backend-shareup\springboot-backend-shareup\src\test\resources
2021-08-21 11:38:03,649 [Worker-1987: Building] INFO  o.e.m.c.i.embedder.EclipseLogger - Using 'UTF-8' encoding to copy filtered resources.
2021-08-21 11:38:03,650 [Worker-1987: Building] INFO  o.e.m.c.i.embedder.EclipseLogger - Using 'UTF-8' encoding to copy filtered properties files.
2021-08-21 11:38:03,650 [Worker-1987: Building] INFO  o.e.m.c.i.embedder.EclipseLogger - Copying 1 resource
2021-08-21 11:38:03,669 [Worker-1987: Building] INFO  o.e.m.c.i.embedder.EclipseLogger - Copying 0 resource
2021-08-21 11:38:03,672 [Worker-1987: Building] INFO  o.e.m.c.i.embedder.EclipseLogger - Using 'UTF-8' encoding to copy filtered resources.
2021-08-21 11:38:03,672 [Worker-1987: Building] INFO  o.e.m.c.i.embedder.EclipseLogger - Using 'UTF-8' encoding to copy filtered properties files.
2021-08-21 11:38:03,672 [Worker-1987: Building] INFO  o.e.m.c.i.embedder.EclipseLogger - skip non existing resourceDirectory E:\Code.world\Softwares for server\springboot-backend-shareup\springboot-backend-shareup\src\test\resources
2021-08-21 11:38:38,267 [Worker-1984: Building] INFO  o.e.m.c.i.embedder.EclipseLogger - Using 'UTF-8' encoding to copy filtered resources.
2021-08-21 11:38:38,267 [Worker-1984: Building] INFO  o.e.m.c.i.embedder.EclipseLogger - Using 'UTF-8' encoding to copy filtered properties files.
2021-08-21 11:38:38,268 [Worker-1984: Building] INFO  o.e.m.c.i.embedder.EclipseLogger - Copying 1 resource
2021-08-21 11:38:38,281 [Worker-1984: Building] INFO  o.e.m.c.i.embedder.EclipseLogger - Copying 0 resource
2021-08-21 11:38:38,284 [Worker-1984: Building] INFO  o.e.m.c.i.embedder.EclipseLogger - Using 'UTF-8' encoding to copy filtered resources.
2021-08-21 11:38:38,284 [Worker-1984: Building] INFO  o.e.m.c.i.embedder.EclipseLogger - Using 'UTF-8' encoding to copy filtered properties files.
2021-08-21 11:38:38,284 [Worker-1984: Building] INFO  o.e.m.c.i.embedder.EclipseLogger - skip non existing resourceDirectory E:\Code.world\Softwares for server\springboot-backend-shareup\springboot-backend-shareup\src\test\resources
2021-08-21 13:13:18,703 [Worker-1995: Building] INFO  o.e.m.c.i.embedder.EclipseLogger - Using 'UTF-8' encoding to copy filtered resources.
2021-08-21 13:13:18,703 [Worker-1995: Building] INFO  o.e.m.c.i.embedder.EclipseLogger - Using 'UTF-8' encoding to copy filtered properties files.
2021-08-21 13:13:18,704 [Worker-1995: Building] INFO  o.e.m.c.i.embedder.EclipseLogger - Copying 1 resource
2021-08-21 13:13:18,726 [Worker-1995: Building] INFO  o.e.m.c.i.embedder.EclipseLogger - Copying 0 resource
2021-08-21 13:13:18,729 [Worker-1995: Building] INFO  o.e.m.c.i.embedder.EclipseLogger - Using 'UTF-8' encoding to copy filtered resources.
2021-08-21 13:13:18,729 [Worker-1995: Building] INFO  o.e.m.c.i.embedder.EclipseLogger - Using 'UTF-8' encoding to copy filtered properties files.
2021-08-21 13:13:18,729 [Worker-1995: Building] INFO  o.e.m.c.i.embedder.EclipseLogger - skip non existing resourceDirectory E:\Code.world\Softwares for server\springboot-backend-shareup\springboot-backend-shareup\src\test\resources
2021-08-21 13:15:39,442 [Worker-1995: Building] INFO  o.e.m.c.i.embedder.EclipseLogger - Using 'UTF-8' encoding to copy filtered resources.
2021-08-21 13:15:39,442 [Worker-1995: Building] INFO  o.e.m.c.i.embedder.EclipseLogger - Using 'UTF-8' encoding to copy filtered properties files.
2021-08-21 13:15:39,443 [Worker-1995: Building] INFO  o.e.m.c.i.embedder.EclipseLogger - Copying 1 resource
2021-08-21 13:15:39,454 [Worker-1995: Building] INFO  o.e.m.c.i.embedder.EclipseLogger - Copying 0 resource
2021-08-21 13:15:39,456 [Worker-1995: Building] INFO  o.e.m.c.i.embedder.EclipseLogger - Using 'UTF-8' encoding to copy filtered resources.
2021-08-21 13:15:39,456 [Worker-1995: Building] INFO  o.e.m.c.i.embedder.EclipseLogger - Using 'UTF-8' encoding to copy filtered properties files.
2021-08-21 13:15:39,456 [Worker-1995: Building] INFO  o.e.m.c.i.embedder.EclipseLogger - skip non existing resourceDirectory E:\Code.world\Softwares for server\springboot-backend-shareup\springboot-backend-shareup\src\test\resources
2021-08-21 13:18:06,058 [Worker-1995: Building] INFO  o.e.m.c.i.embedder.EclipseLogger - Using 'UTF-8' encoding to copy filtered resources.
2021-08-21 13:18:06,058 [Worker-1995: Building] INFO  o.e.m.c.i.embedder.EclipseLogger - Using 'UTF-8' encoding to copy filtered properties files.
2021-08-21 13:18:06,059 [Worker-1995: Building] INFO  o.e.m.c.i.embedder.EclipseLogger - Copying 1 resource
2021-08-21 13:18:06,069 [Worker-1995: Building] INFO  o.e.m.c.i.embedder.EclipseLogger - Copying 0 resource
2021-08-21 13:18:06,072 [Worker-1995: Building] INFO  o.e.m.c.i.embedder.EclipseLogger - Using 'UTF-8' encoding to copy filtered resources.
2021-08-21 13:18:06,072 [Worker-1995: Building] INFO  o.e.m.c.i.embedder.EclipseLogger - Using 'UTF-8' encoding to copy filtered properties files.
2021-08-21 13:18:06,072 [Worker-1995: Building] INFO  o.e.m.c.i.embedder.EclipseLogger - skip non existing resourceDirectory E:\Code.world\Softwares for server\springboot-backend-shareup\springboot-backend-shareup\src\test\resources
2021-08-21 13:23:34,318 [Worker-2000: Building] INFO  o.e.m.c.i.embedder.EclipseLogger - Using 'UTF-8' encoding to copy filtered resources.
2021-08-21 13:23:34,319 [Worker-2000: Building] INFO  o.e.m.c.i.embedder.EclipseLogger - Using 'UTF-8' encoding to copy filtered properties files.
2021-08-21 13:23:34,320 [Worker-2000: Building] INFO  o.e.m.c.i.embedder.EclipseLogger - Copying 1 resource
2021-08-21 13:23:34,330 [Worker-2000: Building] INFO  o.e.m.c.i.embedder.EclipseLogger - Copying 0 resource
2021-08-21 13:23:34,333 [Worker-2000: Building] INFO  o.e.m.c.i.embedder.EclipseLogger - Using 'UTF-8' encoding to copy filtered resources.
2021-08-21 13:23:34,333 [Worker-2000: Building] INFO  o.e.m.c.i.embedder.EclipseLogger - Using 'UTF-8' encoding to copy filtered properties files.
2021-08-21 13:23:34,333 [Worker-2000: Building] INFO  o.e.m.c.i.embedder.EclipseLogger - skip non existing resourceDirectory E:\Code.world\Softwares for server\springboot-backend-shareup\springboot-backend-shareup\src\test\resources
2021-08-21 13:39:24,448 [Worker-2002: Building] INFO  o.e.m.c.i.embedder.EclipseLogger - Using 'UTF-8' encoding to copy filtered resources.
2021-08-21 13:39:24,448 [Worker-2002: Building] INFO  o.e.m.c.i.embedder.EclipseLogger - Using 'UTF-8' encoding to copy filtered properties files.
2021-08-21 13:39:24,449 [Worker-2002: Building] INFO  o.e.m.c.i.embedder.EclipseLogger - Copying 1 resource
2021-08-21 13:39:24,460 [Worker-2002: Building] INFO  o.e.m.c.i.embedder.EclipseLogger - Copying 0 resource
2021-08-21 13:39:24,464 [Worker-2002: Building] INFO  o.e.m.c.i.embedder.EclipseLogger - Using 'UTF-8' encoding to copy filtered resources.
2021-08-21 13:39:24,464 [Worker-2002: Building] INFO  o.e.m.c.i.embedder.EclipseLogger - Using 'UTF-8' encoding to copy filtered properties files.
2021-08-21 13:39:24,464 [Worker-2002: Building] INFO  o.e.m.c.i.embedder.EclipseLogger - skip non existing resourceDirectory E:\Code.world\Softwares for server\springboot-backend-shareup\springboot-backend-shareup\src\test\resources
2021-08-21 13:42:25,903 [Worker-2002: Building] INFO  o.e.m.c.i.embedder.EclipseLogger - Using 'UTF-8' encoding to copy filtered resources.
2021-08-21 13:42:25,903 [Worker-2002: Building] INFO  o.e.m.c.i.embedder.EclipseLogger - Using 'UTF-8' encoding to copy filtered properties files.
2021-08-21 13:42:25,904 [Worker-2002: Building] INFO  o.e.m.c.i.embedder.EclipseLogger - Copying 1 resource
2021-08-21 13:42:25,925 [Worker-2002: Building] INFO  o.e.m.c.i.embedder.EclipseLogger - Copying 0 resource
2021-08-21 13:42:25,928 [Worker-2002: Building] INFO  o.e.m.c.i.embedder.EclipseLogger - Using 'UTF-8' encoding to copy filtered resources.
2021-08-21 13:42:25,928 [Worker-2002: Building] INFO  o.e.m.c.i.embedder.EclipseLogger - Using 'UTF-8' encoding to copy filtered properties files.
2021-08-21 13:42:25,928 [Worker-2002: Building] INFO  o.e.m.c.i.embedder.EclipseLogger - skip non existing resourceDirectory E:\Code.world\Softwares for server\springboot-backend-shareup\springboot-backend-shareup\src\test\resources
2021-08-21 14:18:40,443 [Worker-2016: Building] INFO  o.e.m.c.i.embedder.EclipseLogger - Using 'UTF-8' encoding to copy filtered resources.
2021-08-21 14:18:40,443 [Worker-2016: Building] INFO  o.e.m.c.i.embedder.EclipseLogger - Using 'UTF-8' encoding to copy filtered properties files.
2021-08-21 14:18:40,444 [Worker-2016: Building] INFO  o.e.m.c.i.embedder.EclipseLogger - Copying 1 resource
2021-08-21 14:18:40,454 [Worker-2016: Building] INFO  o.e.m.c.i.embedder.EclipseLogger - Copying 0 resource
2021-08-21 14:18:40,457 [Worker-2016: Building] INFO  o.e.m.c.i.embedder.EclipseLogger - Using 'UTF-8' encoding to copy filtered resources.
2021-08-21 14:18:40,457 [Worker-2016: Building] INFO  o.e.m.c.i.embedder.EclipseLogger - Using 'UTF-8' encoding to copy filtered properties files.
2021-08-21 14:18:40,457 [Worker-2016: Building] INFO  o.e.m.c.i.embedder.EclipseLogger - skip non existing resourceDirectory E:\Code.world\Softwares for server\springboot-backend-shareup\springboot-backend-shareup\src\test\resources
